This is pdfTeX, Version 3.14159265-2.6-1.40.20 (TeX Live 2019) (preloaded format=pdflatex 2019.5.8)  3 DEC 2019 19:35
entering extended mode
 restricted \write18 enabled.
 file:line:error style messages enabled.
 %&-line parsing enabled.
**"/Users/mortezaahmadi/University/Comp 354/Comp354_Project/Documentation/Final Iteration/Design Document.tex"
(/Users/mortezaahmadi/University/Comp 354/Comp354_Project/Documentation/Final Iteration/Design Document.tex
LaTeX2e <2018-12-01>
(/usr/local/texlive/2019/texmf-dist/tex/latex/base/article.cls
Document Class: article 2018/09/03 v1.4i Standard LaTeX document class
(/usr/local/texlive/2019/texmf-dist/tex/latex/base/size11.clo
File: size11.clo 2018/09/03 v1.4i Standard LaTeX file (size option)
)
\c@part=\count80
\c@section=\count81
\c@subsection=\count82
\c@subsubsection=\count83
\c@paragraph=\count84
\c@subparagraph=\count85
\c@figure=\count86
\c@table=\count87
\abovecaptionskip=\skip41
\belowcaptionskip=\skip42
\bibindent=\dimen102
) (/usr/local/texlive/2019/texmf-dist/tex/latex/graphics/color.sty
Package: color 2016/07/10 v1.1e Standard LaTeX Color (DPC)
 (/usr/local/texlive/2019/texmf-dist/tex/latex/graphics-cfg/color.cfg
File: color.cfg 2016/01/02 v1.6 sample color configuration
)
Package color Info: Driver file: pdftex.def on input line 147.
 (/usr/local/texlive/2019/texmf-dist/tex/latex/graphics-def/pdftex.def
File: pdftex.def 2018/01/08 v1.0l Graphics/color driver for pdftex
)) (/usr/local/texlive/2019/texmf-dist/tex/generic/genmisc/nth.sty
Package: nth 2002/02/27
) (/usr/local/texlive/2019/texmf-dist/tex/latex/enumitem/enumitem.sty
Package: enumitem 2019/02/04 v3.8 Customized lists
\enitkv@toks@=\toks14
\labelindent=\skip43
\enit@outerparindent=\dimen103
\enit@toks=\toks15
\enit@inbox=\box27
\enit@count@id=\count88
\enitdp@description=\count89
) (/usr/local/texlive/2019/texmf-dist/tex/latex/booktabs/booktabs.sty
Package: booktabs 2016/04/27 v1.618033 publication quality tables
\heavyrulewidth=\dimen104
\lightrulewidth=\dimen105
\cmidrulewidth=\dimen106
\belowrulesep=\dimen107
\belowbottomsep=\dimen108
\aboverulesep=\dimen109
\abovetopsep=\dimen110
\cmidrulesep=\dimen111
\cmidrulekern=\dimen112
\defaultaddspace=\dimen113
\@cmidla=\count90
\@cmidlb=\count91
\@aboverulesep=\dimen114
\@belowrulesep=\dimen115
\@thisruleclass=\count92
\@lastruleclass=\count93
\@thisrulewidth=\dimen116
) (/usr/local/texlive/2019/texmf-dist/tex/latex/tools/tabularx.sty
Package: tabularx 2016/02/03 v2.11b `tabularx' package (DPC)
 (/usr/local/texlive/2019/texmf-dist/tex/latex/tools/array.sty
Package: array 2018/12/30 v2.4k Tabular extension package (FMi)
\col@sep=\dimen117
\ar@mcellbox=\box28
\extrarowheight=\dimen118
\NC@list=\toks16
\extratabsurround=\skip44
\backup@length=\skip45
\ar@cellbox=\box29
)
\TX@col@width=\dimen119
\TX@old@table=\dimen120
\TX@old@col=\dimen121
\TX@target=\dimen122
\TX@delta=\dimen123
\TX@cols=\count94
\TX@ftn=\toks17
) (/usr/local/texlive/2019/texmf-dist/tex/latex/hyperref/hyperref.sty
Package: hyperref 2018/11/30 v6.88e Hypertext links for LaTeX
 (/usr/local/texlive/2019/texmf-dist/tex/generic/oberdiek/hobsub-hyperref.sty
Package: hobsub-hyperref 2016/05/16 v1.14 Bundle oberdiek, subset hyperref (HO)
 (/usr/local/texlive/2019/texmf-dist/tex/generic/oberdiek/hobsub-generic.sty
Package: hobsub-generic 2016/05/16 v1.14 Bundle oberdiek, subset generic (HO)
Package: hobsub 2016/05/16 v1.14 Construct package bundles (HO)
Package: infwarerr 2016/05/16 v1.4 Providing info/warning/error messages (HO)
Package: ltxcmds 2016/05/16 v1.23 LaTeX kernel commands for general use (HO)
Package: ifluatex 2016/05/16 v1.4 Provides the ifluatex switch (HO)
Package ifluatex Info: LuaTeX not detected.
Package: ifvtex 2016/05/16 v1.6 Detect VTeX and its facilities (HO)
Package ifvtex Info: VTeX not detected.
Package: intcalc 2016/05/16 v1.2 Expandable calculations with integers (HO)
Package: ifpdf 2018/09/07 v3.3 Provides the ifpdf switch
Package: etexcmds 2016/05/16 v1.6 Avoid name clashes with e-TeX commands (HO)
Package: kvsetkeys 2016/05/16 v1.17 Key value parser (HO)
Package: kvdefinekeys 2016/05/16 v1.4 Define keys (HO)
Package: pdftexcmds 2018/09/10 v0.29 Utility functions of pdfTeX for LuaTeX (HO)
Package pdftexcmds Info: LuaTeX not detected.
Package pdftexcmds Info: \pdf@primitive is available.
Package pdftexcmds Info: \pdf@ifprimitive is available.
Package pdftexcmds Info: \pdfdraftmode found.
Package: pdfescape 2016/05/16 v1.14 Implements pdfTeX's escape features (HO)
Package: bigintcalc 2016/05/16 v1.4 Expandable calculations on big integers (HO)
Package: bitset 2016/05/16 v1.2 Handle bit-vector datatype (HO)
Package: uniquecounter 2016/05/16 v1.3 Provide unlimited unique counter (HO)
)
Package hobsub Info: Skipping package `hobsub' (already loaded).
Package: letltxmacro 2016/05/16 v1.5 Let assignment for LaTeX macros (HO)
Package: hopatch 2016/05/16 v1.3 Wrapper for package hooks (HO)
Package: xcolor-patch 2016/05/16 xcolor patch
Package: atveryend 2016/05/16 v1.9 Hooks at the very end of document (HO)
Package atveryend Info: \enddocument detected (standard20110627).
Package: atbegshi 2016/06/09 v1.18 At begin shipout hook (HO)
Package: refcount 2016/05/16 v3.5 Data extraction from label references (HO)
Package: hycolor 2016/05/16 v1.8 Color options for hyperref/bookmark (HO)
) (/usr/local/texlive/2019/texmf-dist/tex/latex/graphics/keyval.sty
Package: keyval 2014/10/28 v1.15 key=value parser (DPC)
\KV@toks@=\toks18
) (/usr/local/texlive/2019/texmf-dist/tex/generic/ifxetex/ifxetex.sty
Package: ifxetex 2010/09/12 v0.6 Provides ifxetex conditional
) (/usr/local/texlive/2019/texmf-dist/tex/latex/oberdiek/auxhook.sty
Package: auxhook 2016/05/16 v1.4 Hooks for auxiliary files (HO)
) (/usr/local/texlive/2019/texmf-dist/tex/latex/oberdiek/kvoptions.sty
Package: kvoptions 2016/05/16 v3.12 Key value format for package options (HO)
)
\@linkdim=\dimen124
\Hy@linkcounter=\count95
\Hy@pagecounter=\count96
 (/usr/local/texlive/2019/texmf-dist/tex/latex/hyperref/pd1enc.def
File: pd1enc.def 2018/11/30 v6.88e Hyperref: PDFDocEncoding definition (HO)
Now handling font encoding PD1 ...
... no UTF-8 mapping file for font encoding PD1
)
\Hy@SavedSpaceFactor=\count97
 (/usr/local/texlive/2019/texmf-dist/tex/latex/latexconfig/hyperref.cfg
File: hyperref.cfg 2002/06/06 v1.2 hyperref configuration of TeXLive
)
Package hyperref Info: Hyper figures OFF on input line 4519.
Package hyperref Info: Link nesting OFF on input line 4524.
Package hyperref Info: Hyper index ON on input line 4527.
Package hyperref Info: Plain pages OFF on input line 4534.
Package hyperref Info: Backreferencing OFF on input line 4539.
Package hyperref Info: Implicit mode ON; LaTeX internals redefined.
Package hyperref Info: Bookmarks ON on input line 4772.
\c@Hy@tempcnt=\count98
 (/usr/local/texlive/2019/texmf-dist/tex/latex/url/url.sty
\Urlmuskip=\muskip10
Package: url 2013/09/16  ver 3.4  Verb mode for urls, etc.
)
LaTeX Info: Redefining \url on input line 5125.
\XeTeXLinkMargin=\dimen125
\Fld@menulength=\count99
\Field@Width=\dimen126
\Fld@charsize=\dimen127
Package hyperref Info: Hyper figures OFF on input line 6380.
Package hyperref Info: Link nesting OFF on input line 6385.
Package hyperref Info: Hyper index ON on input line 6388.
Package hyperref Info: backreferencing OFF on input line 6395.
Package hyperref Info: Link coloring OFF on input line 6400.
Package hyperref Info: Link coloring with OCG OFF on input line 6405.
Package hyperref Info: PDF/A mode OFF on input line 6410.
LaTeX Info: Redefining \ref on input line 6450.
LaTeX Info: Redefining \pageref on input line 6454.
\Hy@abspage=\count100
\c@Item=\count101
\c@Hfootnote=\count102
)
Package hyperref Info: Driver (autodetected): hpdftex.
 (/usr/local/texlive/2019/texmf-dist/tex/latex/hyperref/hpdftex.def
File: hpdftex.def 2018/11/30 v6.88e Hyperref driver for pdfTeX
\Fld@listcount=\count103
\c@bookmark@seq@number=\count104
 (/usr/local/texlive/2019/texmf-dist/tex/latex/oberdiek/rerunfilecheck.sty
Package: rerunfilecheck 2016/05/16 v1.8 Rerun checks for auxiliary files (HO)
Package uniquecounter Info: New unique counter `rerunfilecheck' on input line 282.
)
\Hy@SectionHShift=\skip46
) (/usr/local/texlive/2019/texmf-dist/tex/latex/placeins/placeins.sty
Package: placeins 2005/04/18  v 2.2
) (/usr/local/texlive/2019/texmf-dist/tex/latex/graphics/graphicx.sty
Package: graphicx 2017/06/01 v1.1a Enhanced LaTeX Graphics (DPC,SPQR)
 (/usr/local/texlive/2019/texmf-dist/tex/latex/graphics/graphics.sty
Package: graphics 2017/06/25 v1.2c Standard LaTeX Graphics (DPC,SPQR)
 (/usr/local/texlive/2019/texmf-dist/tex/latex/graphics/trig.sty
Package: trig 2016/01/03 v1.10 sin cos tan (DPC)
) (/usr/local/texlive/2019/texmf-dist/tex/latex/graphics-cfg/graphics.cfg
File: graphics.cfg 2016/06/04 v1.11 sample graphics configuration
)
Package graphics Info: Driver file: pdftex.def on input line 99.
)
\Gin@req@height=\dimen128
\Gin@req@width=\dimen129
) (/usr/local/texlive/2019/texmf-dist/tex/latex/adjustbox/adjustbox.sty
Package: adjustbox 2019/01/04 v1.2 Adjusting TeX boxes (trim, clip, ...)
 (/usr/local/texlive/2019/texmf-dist/tex/latex/xkeyval/xkeyval.sty
Package: xkeyval 2014/12/03 v2.7a package option processing (HA)
 (/usr/local/texlive/2019/texmf-dist/tex/generic/xkeyval/xkeyval.tex (/usr/local/texlive/2019/texmf-dist/tex/generic/xkeyval/xkvutils.tex
\XKV@toks=\toks19
\XKV@tempa@toks=\toks20
)
\XKV@depth=\count105
File: xkeyval.tex 2014/12/03 v2.7a key=value parser (HA)
)) (/usr/local/texlive/2019/texmf-dist/tex/latex/adjustbox/adjcalc.sty
Package: adjcalc 2012/05/16 v1.1 Provides advanced setlength with multiple back-ends (calc, etex, pgfmath)
) (/usr/local/texlive/2019/texmf-dist/tex/latex/adjustbox/trimclip.sty
Package: trimclip 2018/04/08 v1.1 Trim and clip general TeX material
 (/usr/local/texlive/2019/texmf-dist/tex/latex/collectbox/collectbox.sty
Package: collectbox 2012/05/17 v0.4b Collect macro arguments as boxes
\collectedbox=\box30
)
\tc@llx=\dimen130
\tc@lly=\dimen131
\tc@urx=\dimen132
\tc@ury=\dimen133
Package trimclip Info: Using driver 'tc-pdftex.def'.
 (/usr/local/texlive/2019/texmf-dist/tex/latex/adjustbox/tc-pdftex.def
File: tc-pdftex.def 2019/01/04 v2.2 Clipping driver for pdftex
))
\adjbox@Width=\dimen134
\adjbox@Height=\dimen135
\adjbox@Depth=\dimen136
\adjbox@Totalheight=\dimen137
\adjbox@pwidth=\dimen138
\adjbox@pheight=\dimen139
\adjbox@pdepth=\dimen140
\adjbox@ptotalheight=\dimen141
 (/usr/local/texlive/2019/texmf-dist/tex/latex/ifoddpage/ifoddpage.sty
Package: ifoddpage 2016/04/23 v1.1 Conditionals for odd/even page detection
\c@checkoddpage=\count106
) (/usr/local/texlive/2019/texmf-dist/tex/latex/varwidth/varwidth.sty
Package: varwidth 2009/03/30 ver 0.92;  Variable-width minipages
\@vwid@box=\box31
\sift@deathcycles=\count107
\@vwid@loff=\dimen142
\@vwid@roff=\dimen143
)) (/usr/local/texlive/2019/texmf-dist/tex/latex/float/float.sty
Package: float 2001/11/08 v1.3d Float enhancements (AL)
\c@float@type=\count108
\float@exts=\toks21
\float@box=\box32
\@float@everytoks=\toks22
\@floatcapt=\box33
) (/usr/local/texlive/2019/texmf-dist/tex/latex/base/makeidx.sty
Package: makeidx 2014/09/29 v1.0m Standard LaTeX package
)
\@indexfile=\write3
\openout3 = `"Design Document.idx"'.


Writing index file "Design Document".idx
(/usr/local/texlive/2019/texmf-dist/tex/latex/idxlayout/idxlayout.sty
Package: idxlayout 2012/03/30 v0.4d Configurable index layout
 (/usr/local/texlive/2019/texmf-dist/tex/latex/etoolbox/etoolbox.sty
Package: etoolbox 2018/08/19 v2.5f e-TeX tools for LaTeX (JAW)
\etb@tempcnta=\count109
) (/usr/local/texlive/2019/texmf-dist/tex/latex/tools/multicol.sty
Package: multicol 2018/12/27 v1.8v multicolumn formatting (FMi)
\c@tracingmulticols=\count110
\mult@box=\box34
\multicol@leftmargin=\dimen144
\c@unbalance=\count111
\c@collectmore=\count112
\doublecol@number=\count113
\multicoltolerance=\count114
\multicolpretolerance=\count115
\full@width=\dimen145
\page@free=\dimen146
\premulticols=\dimen147
\postmulticols=\dimen148
\multicolsep=\skip47
\multicolbaselineskip=\skip48
\partial@page=\box35
\last@line=\box36
\maxbalancingoverflow=\dimen149
\mult@rightbox=\box37
\mult@grightbox=\box38
\mult@gfirstbox=\box39
\mult@firstbox=\box40
\@tempa=\box41
\@tempa=\box42
\@tempa=\box43
\@tempa=\box44
\@tempa=\box45
\@tempa=\box46
\@tempa=\box47
\@tempa=\box48
\@tempa=\box49
\@tempa=\box50
\@tempa=\box51
\@tempa=\box52
\@tempa=\box53
\@tempa=\box54
\@tempa=\box55
\@tempa=\box56
\@tempa=\box57
\c@columnbadness=\count116
\c@finalcolumnbadness=\count117
\last@try=\dimen150
\multicolovershoot=\dimen151
\multicolundershoot=\dimen152
\mult@nat@firstbox=\box58
\colbreak@box=\box59
\mc@col@check@num=\count118
)
\c@idxcols=\count119
\indexcolsep=\skip49
\indexrule=\skip50
\ila@indentunit=\skip51
\ila@initsep=\skip52
)
\c@use case ID=\count120
\c@req ID=\count121
 (/usr/local/texlive/2019/texmf-dist/tex/latex/ms/ragged2e.sty
Package: ragged2e 2009/05/21 v2.1 ragged2e Package (MS)
 (/usr/local/texlive/2019/texmf-dist/tex/latex/ms/everysel.sty
Package: everysel 2011/10/28 v1.2 EverySelectfont Package (MS)
)
\CenteringLeftskip=\skip53
\RaggedLeftLeftskip=\skip54
\RaggedRightLeftskip=\skip55
\CenteringRightskip=\skip56
\RaggedLeftRightskip=\skip57
\RaggedRightRightskip=\skip58
\CenteringParfillskip=\skip59
\RaggedLeftParfillskip=\skip60
\RaggedRightParfillskip=\skip61
\JustifyingParfillskip=\skip62
\CenteringParindent=\skip63
\RaggedLeftParindent=\skip64
\RaggedRightParindent=\skip65
\JustifyingParindent=\skip66
) (/Users/mortezaahmadi/University/Comp 354/Comp354_Project/Documentation/Final Iteration/Design Document.aux

LaTeX Warning: Label `fig: Latest listings' multiply defined.


LaTeX Warning: Label `fig: Latest listings' multiply defined.


LaTeX Warning: Label `fig: Latest listings' multiply defined.


LaTeX Warning: Label `fig: Latest listings' multiply defined.


LaTeX Warning: Label `fig: Latest listings' multiply defined.


LaTeX Warning: Label `fig: List of listings' multiply defined.


LaTeX Warning: Label `fig: Latest listings' multiply defined.


LaTeX Warning: Label `fig: Latest listings' multiply defined.


LaTeX Warning: Label `fig: Latest listings' multiply defined.

)
\openout1 = `"Design Document.aux"'.

LaTeX Font Info:    Checking defaults for OML/cmm/m/it on input line 75.
LaTeX Font Info:    ... okay on input line 75.
LaTeX Font Info:    Checking defaults for T1/cmr/m/n on input line 75.
LaTeX Font Info:    ... okay on input line 75.
LaTeX Font Info:    Checking defaults for OT1/cmr/m/n on input line 75.
LaTeX Font Info:    ... okay on input line 75.
LaTeX Font Info:    Checking defaults for OMS/cmsy/m/n on input line 75.
LaTeX Font Info:    ... okay on input line 75.
LaTeX Font Info:    Checking defaults for OMX/cmex/m/n on input line 75.
LaTeX Font Info:    ... okay on input line 75.
LaTeX Font Info:    Checking defaults for U/cmr/m/n on input line 75.
LaTeX Font Info:    ... okay on input line 75.
LaTeX Font Info:    Checking defaults for PD1/pdf/m/n on input line 75.
LaTeX Font Info:    ... okay on input line 75.
 (/usr/local/texlive/2019/texmf-dist/tex/context/base/mkii/supp-pdf.mkii
[Loading MPS to PDF converter (version 2006.09.02).]
\scratchcounter=\count122
\scratchdimen=\dimen153
\scratchbox=\box60
\nofMPsegments=\count123
\nofMParguments=\count124
\everyMPshowfont=\toks23
\MPscratchCnt=\count125
\MPscratchDim=\dimen154
\MPnumerator=\count126
\makeMPintoPDFobject=\count127
\everyMPtoPDFconversion=\toks24
) (/usr/local/texlive/2019/texmf-dist/tex/latex/oberdiek/epstopdf-base.sty
Package: epstopdf-base 2016/05/15 v2.6 Base part for package epstopdf
 (/usr/local/texlive/2019/texmf-dist/tex/latex/oberdiek/grfext.sty
Package: grfext 2016/05/16 v1.2 Manage graphics extensions (HO)
)
Package epstopdf-base Info: Redefining graphics rule for `.eps' on input line 438.
Package grfext Info: Graphics extension search list:
(grfext)             [.pdf,.png,.jpg,.mps,.jpeg,.jbig2,.jb2,.PDF,.PNG,.JPG,.JPEG,.JBIG2,.JB2,.eps]
(grfext)             \AppendGraphicsExtensions on input line 456.
 (/usr/local/texlive/2019/texmf-dist/tex/latex/latexconfig/epstopdf-sys.cfg
File: epstopdf-sys.cfg 2010/07/13 v1.3 Configuration of (r)epstopdf for TeX Live
))
\AtBeginShipoutBox=\box61
Package hyperref Info: Link coloring OFF on input line 75.
 (/usr/local/texlive/2019/texmf-dist/tex/latex/hyperref/nameref.sty
Package: nameref 2016/05/21 v2.44 Cross-referencing by name of section
 (/usr/local/texlive/2019/texmf-dist/tex/generic/oberdiek/gettitlestring.sty
Package: gettitlestring 2016/05/16 v1.5 Cleanup title references (HO)
)
\c@section@level=\count128
)
LaTeX Info: Redefining \ref on input line 75.
LaTeX Info: Redefining \pageref on input line 75.
LaTeX Info: Redefining \nameref on input line 75.
 (/Users/mortezaahmadi/University/Comp 354/Comp354_Project/Documentation/Final Iteration/Design Document.out) (/Users/mortezaahmadi/University/Comp 354/Comp354_Project/Documentation/Final Iteration/Design Document.out)
\@outlinefile=\write4
\openout4 = `"Design Document.out"'.

 ABD: EverySelectfont initializing macros
LaTeX Info: Redefining \selectfont on input line 75.
LaTeX Font Info:    External font `cmex10' loaded for size
(Font)              <10.95> on input line 90.
LaTeX Font Info:    External font `cmex10' loaded for size
(Font)              <8> on input line 90.
LaTeX Font Info:    External font `cmex10' loaded for size
(Font)              <6> on input line 90.
 [1

{/usr/local/texlive/2019/texmf-var/fonts/map/pdftex/updmap/pdftex.map}pdfTeX warning (ext4): destination with the same identifier (name{table.1}) has been already used, duplicate ignored

\AtBegShi@Output ...ipout \box \AtBeginShipoutBox 
                                                  \fi \fi 
l.134 \clearpage
                pdfTeX warning (ext4): destination with the same identifier (name{table.2}) has been already used, duplicate ignored

\AtBegShi@Output ...ipout \box \AtBeginShipoutBox 
                                                  \fi \fi 
l.134 \clearpage
                ] (/Users/mortezaahmadi/University/Comp 354/Comp354_Project/Documentation/Final Iteration/Design Document.toc [2

] [3])
\tf@toc=\write5
\openout5 = `"Design Document.toc"'.

 (/Users/mortezaahmadi/University/Comp 354/Comp354_Project/Documentation/Final Iteration/Design Document.lof [4])
\tf@lof=\write6
\openout6 = `"Design Document.lof"'.

 [5] (/Users/mortezaahmadi/University/Comp 354/Comp354_Project/Documentation/Final Iteration/Design Document.lot)
\tf@lot=\write7
\openout7 = `"Design Document.lot"'.

 [6

]
<Diagrams/Use_Case/ucdselling.png, id=503, 419.5675pt x 489.83pt>
File: Diagrams/Use_Case/ucdselling.png Graphic file (type png)
<use Diagrams/Use_Case/ucdselling.png>
Package pdftex.def Info: Diagrams/Use_Case/ucdselling.png  used on input line 161.
(pdftex.def)             Requested size: 241.84842pt x 282.34515pt.

Underfull \hbox (badness 2644) in paragraph at lines 171--171
[]|\OT1/cmr/m/n/10.95 Product photo, []prod-uct de-scrip-tion, price, stock count,product
 []

[7

] [8pdfTeX warning (ext4): destination with the same identifier (name{figure.1}) has been already used, duplicate ignored

\AtBegShi@Output ...ipout \box \AtBeginShipoutBox 
                                                  \fi \fi 
l.243 \clearpage
                 </Users/mortezaahmadi/University/Comp 354/Comp354_Project/Documentation/Final Iteration/Diagrams/Use_Case/ucdselling.png>] [9pdfTeX warning (ext4): destination with the same identifier (name{table.3}) has been already used, duplicate ignored

\AtBegShi@Output ...ipout \box \AtBeginShipoutBox 
                                                  \fi \fi 
l.243 \clearpage
                ] [10pdfTeX warning (ext4): destination with the same identifier (name{table.4}) has been already used, duplicate ignored

\AtBegShi@Output ...ipout \box \AtBeginShipoutBox 
                                                  \fi \fi 
l.243 \clearpage
                ] [11pdfTeX warning (ext4): destination with the same identifier (name{table.5}) has been already used, duplicate ignored

\AtBegShi@Output ...ipout \box \AtBeginShipoutBox 
                                                  \fi \fi 
l.243 \clearpage
                ]
<Diagrams/Use_Case/ucd2.png, id=552, 378.41376pt x 421.575pt>
File: Diagrams/Use_Case/ucd2.png Graphic file (type png)
<use Diagrams/Use_Case/ucd2.png>
Package pdftex.def Info: Diagrams/Use_Case/ucd2.png  used on input line 251.
(pdftex.def)             Requested size: 241.84842pt x 269.43398pt.

Underfull \hbox (badness 10000) in paragraph at lines 264--264
[]\OT1/cmr/m/n/10.95 Pre-
 []

[12

pdfTeX warning (ext4): destination with the same identifier (name{figure.2}) has been already used, duplicate ignored

\AtBegShi@Output ...ipout \box \AtBeginShipoutBox 
                                                  \fi \fi 
l.321 \clearpage
                 </Users/mortezaahmadi/University/Comp 354/Comp354_Project/Documentation/Final Iteration/Diagrams/Use_Case/ucd2.png>] [13pdfTeX warning (ext4): destination with the same identifier (name{table.6}) has been already used, duplicate ignored

\AtBegShi@Output ...ipout \box \AtBeginShipoutBox 
                                                  \fi \fi 
l.321 \clearpage
                ] [14pdfTeX warning (ext4): destination with the same identifier (name{table.7}) has been already used, duplicate ignored

\AtBegShi@Output ...ipout \box \AtBeginShipoutBox 
                                                  \fi \fi 
l.321 \clearpage
                ]
<Diagrams/Use_Case/ucd3.png, id=594, 400.49625pt x 415.5525pt>
File: Diagrams/Use_Case/ucd3.png Graphic file (type png)
<use Diagrams/Use_Case/ucd3.png>
Package pdftex.def Info: Diagrams/Use_Case/ucd3.png  used on input line 328.
(pdftex.def)             Requested size: 241.84842pt x 250.94398pt.

Underfull \hbox (badness 10000) in paragraph at lines 339--339
[]\OT1/cmr/m/n/10.95 Pre-
 []

[15

pdfTeX warning (ext4): destination with the same identifier (name{figure.3}) has been already used, duplicate ignored

\AtBegShi@Output ...ipout \box \AtBeginShipoutBox 
                                                  \fi \fi 
l.436 \clearpage
                 </Users/mortezaahmadi/University/Comp 354/Comp354_Project/Documentation/Final Iteration/Diagrams/Use_Case/ucd3.png>] [16pdfTeX warning (ext4): destination with the same identifier (name{table.8}) has been already used, duplicate ignored

\AtBegShi@Output ...ipout \box \AtBeginShipoutBox 
                                                  \fi \fi 
l.436 \clearpage
                ] [17pdfTeX warning (ext4): destination with the same identifier (name{table.9}) has been already used, duplicate ignored

\AtBegShi@Output ...ipout \box \AtBeginShipoutBox 
                                                  \fi \fi 
l.436 \clearpage
                ] [18pdfTeX warning (ext4): destination with the same identifier (name{table.10}) has been already used, duplicate ignored

\AtBegShi@Output ...ipout \box \AtBeginShipoutBox 
                                                  \fi \fi 
l.436 \clearpage
                ] [19pdfTeX warning (ext4): destination with the same identifier (name{table.11}) has been already used, duplicate ignored

\AtBegShi@Output ...ipout \box \AtBeginShipoutBox 
                                                  \fi \fi 
l.436 \clearpage
                ]
<Diagrams/Use_Case/ucdadmin.png, id=644, 355.3275pt x 497.86pt>
File: Diagrams/Use_Case/ucdadmin.png Graphic file (type png)
<use Diagrams/Use_Case/ucdadmin.png>
Package pdftex.def Info: Diagrams/Use_Case/ucdadmin.png  used on input line 445.
(pdftex.def)             Requested size: 241.84842pt x 338.86697pt.
 [20

pdfTeX warning (ext4): destination with the same identifier (name{figure.4}) has been already used, duplicate ignored

\AtBegShi@Output ...ipout \box \AtBeginShipoutBox 
                                                  \fi \fi 
l.450 \clearpage
                 </Users/mortezaahmadi/University/Comp 354/Comp354_Project/Documentation/Final Iteration/Diagrams/Use_Case/ucdadmin.png>]
<Diagrams/Use_Case/ucd4.png, id=649, 585.18625pt x 644.4075pt>
File: Diagrams/Use_Case/ucd4.png Graphic file (type png)
<use Diagrams/Use_Case/ucd4.png>
Package pdftex.def Info: Diagrams/Use_Case/ucd4.png  used on input line 457.
(pdftex.def)             Requested size: 314.39998pt x 346.22462pt.
 [21

pdfTeX warning (ext4): destination with the same identifier (name{figure.5}) has been already used, duplicate ignored

\AtBegShi@Output ...ipout \box \AtBeginShipoutBox 
                                                  \fi \fi 
l.463 \clearpage
                 </Users/mortezaahmadi/University/Comp 354/Comp354_Project/Documentation/Final Iteration/Diagrams/Use_Case/ucd4.png>]
<Diagrams/ER/ER_Diagram_Typed.png, id=655, 1353.055pt x 924.45375pt>
File: Diagrams/ER/ER_Diagram_Typed.png Graphic file (type png)
<use Diagrams/ER/ER_Diagram_Typed.png>
Package pdftex.def Info: Diagrams/ER/ER_Diagram_Typed.png  used on input line 467.
(pdftex.def)             Requested size: 435.32419pt x 297.42522pt.
<Diagrams/ER/ER_Diagram.png, id=656, 1013.7875pt x 735.74875pt>
File: Diagrams/ER/ER_Diagram.png Graphic file (type png)
<use Diagrams/ER/ER_Diagram.png>
Package pdftex.def Info: Diagrams/ER/ER_Diagram.png  used on input line 474.
(pdftex.def)             Requested size: 435.32419pt x 315.92795pt.
 [22

pdfTeX warning (ext4): destination with the same identifier (name{figure.6}) has been already used, duplicate ignored

\AtBegShi@Output ...ipout \box \AtBeginShipoutBox 
                                                  \fi \fi 
l.489 \subsubsection
                    {Address} </Users/mortezaahmadi/University/Comp 354/Comp354_Project/Documentation/Final Iteration/Diagrams/ER/ER_Diagram_Typed.png>] [23pdfTeX warning (ext4): destination with the same identifier (name{figure.7}) has been already used, duplicate ignored

\AtBegShi@Output ...ipout \box \AtBeginShipoutBox 
                                                  \fi \fi 
l.497 
       </Users/mortezaahmadi/University/Comp 354/Comp354_Project/Documentation/Final Iteration/Diagrams/ER/ER_Diagram.png>] [24]
<Diagrams/Class/class_diagram.png, id=672, 614.295pt x 794.97pt>
File: Diagrams/Class/class_diagram.png Graphic file (type png)
<use Diagrams/Class/class_diagram.png>
Package pdftex.def Info: Diagrams/Class/class_diagram.png  used on input line 511.
(pdftex.def)             Requested size: 386.95894pt x 500.7731pt.
 [25

pdfTeX warning (ext4): destination with the same identifier (name{figure.8}) has been already used, duplicate ignored

\AtBegShi@Output ...ipout \box \AtBeginShipoutBox 
                                                  \fi \fi 
l.519 
       </Users/mortezaahmadi/University/Comp 354/Comp354_Project/Documentation/Final Iteration/Diagrams/Class/class_diagram.png>] [26]
<Diagrams/Sequence/Add_Review.png, id=683, 1535.7375pt x 1009.52156pt>
File: Diagrams/Sequence/Add_Review.png Graphic file (type png)
<use Diagrams/Sequence/Add_Review.png>
Package pdftex.def Info: Diagrams/Sequence/Add_Review.png  used on input line 544.
(pdftex.def)             Requested size: 386.95634pt x 238.48532pt.
<Diagrams/Sequence/Cart_Operations.jpg, id=684, 1506.62875pt x 2107.875pt>
File: Diagrams/Sequence/Cart_Operations.jpg Graphic file (type jpg)
<use Diagrams/Sequence/Cart_Operations.jpg>
Package pdftex.def Info: Diagrams/Sequence/Cart_Operations.jpg  used on input line 556.
(pdftex.def)             Requested size: 314.37831pt x 357.7229pt.
<Diagrams/Sequence/Checkout.jpg, id=685, 1244.65pt x 642.4pt>
File: Diagrams/Sequence/Checkout.jpg Graphic file (type jpg)
<use Diagrams/Sequence/Checkout.jpg>
Package pdftex.def Info: Diagrams/Sequence/Checkout.jpg  used on input line 567.
(pdftex.def)             Requested size: 290.21378pt x 119.23422pt.
<Diagrams/Sequence/Edit_Client_Info.jpg, id=686, 1585.925pt x 1545.775pt>
File: Diagrams/Sequence/Edit_Client_Info.jpg Graphic file (type jpg)
<use Diagrams/Sequence/Edit_Client_Info.jpg>
Package pdftex.def Info: Diagrams/Sequence/Edit_Client_Info.jpg  used on input line 578.
(pdftex.def)             Requested size: 314.39647pt x 238.48409pt.
<Diagrams/Sequence/Filter_Listings.jpg, id=687, 1063.975pt x 643.40375pt>
File: Diagrams/Sequence/Filter_Listings.jpg Graphic file (type jpg)
<use Diagrams/Sequence/Filter_Listings.jpg>
Package pdftex.def Info: Diagrams/Sequence/Filter_Listings.jpg  used on input line 589.
(pdftex.def)             Requested size: 241.83553pt x 119.234pt.
<Diagrams/Sequence/Listing_Details.png, id=688, 962.59625pt x 567.11874pt>
File: Diagrams/Sequence/Listing_Details.png Graphic file (type png)
<use Diagrams/Sequence/Listing_Details.png>
Package pdftex.def Info: Diagrams/Sequence/Listing_Details.png  used on input line 600.
(pdftex.def)             Requested size: 338.57349pt x 198.73683pt.
<Diagrams/Sequence/Lists_of_Listings.jpg, id=689, 1164.35pt x 583.17876pt>
File: Diagrams/Sequence/Lists_of_Listings.jpg Graphic file (type jpg)
<use Diagrams/Sequence/Lists_of_Listings.jpg>
Package pdftex.def Info: Diagrams/Sequence/Lists_of_Listings.jpg  used on input line 611.
(pdftex.def)             Requested size: 241.83797pt x 119.24097pt.
<Diagrams/Sequence/Order_History.png, id=690, 1806.75pt x 923.45pt>
File: Diagrams/Sequence/Order_History.png Graphic file (type png)
<use Diagrams/Sequence/Order_History.png>
Package pdftex.def Info: Diagrams/Sequence/Order_History.png  used on input line 622.
(pdftex.def)             Requested size: 314.39401pt x 158.98529pt.
<Diagrams/Sequence/Login.jpg, id=691, 1445.4pt x 1385.175pt>
File: Diagrams/Sequence/Login.jpg Graphic file (type jpg)
<use Diagrams/Sequence/Login.jpg>
Package pdftex.def Info: Diagrams/Sequence/Login.jpg  used on input line 633.
(pdftex.def)             Requested size: 290.22174pt x 238.47795pt.
<Diagrams/Sequence/Logout.jpg, id=692, 1064.97874pt x 542.025pt>
File: Diagrams/Sequence/Logout.jpg Graphic file (type jpg)
<use Diagrams/Sequence/Logout.jpg>
Package pdftex.def Info: Diagrams/Sequence/Logout.jpg  used on input line 644.
(pdftex.def)             Requested size: 241.83617pt x 119.2376pt.
<Diagrams/Sequence/Register.jpg, id=693, 1245.65375pt x 1386.17876pt>
File: Diagrams/Sequence/Register.jpg Graphic file (type jpg)
<use Diagrams/Sequence/Register.jpg>
Package pdftex.def Info: Diagrams/Sequence/Register.jpg  used on input line 655.
(pdftex.def)             Requested size: 290.21973pt x 238.48155pt.
<Diagrams/Sequence/Registered_User_Purchase.jpg, id=694, 1304.875pt x 1366.10374pt>
File: Diagrams/Sequence/Registered_User_Purchase.jpg Graphic file (type jpg)
<use Diagrams/Sequence/Registered_User_Purchase.jpg>
Package pdftex.def Info: Diagrams/Sequence/Registered_User_Purchase.jpg  used on input line 666.
(pdftex.def)             Requested size: 290.21928pt x 238.48807pt.
<Diagrams/Sequence/Categories.png, id=695, 1525.7pt x 823.075pt>
File: Diagrams/Sequence/Categories.png Graphic file (type png)
<use Diagrams/Sequence/Categories.png>
Package pdftex.def Info: Diagrams/Sequence/Categories.png  used on input line 677.
(pdftex.def)             Requested size: 314.40015pt x 158.9856pt.
<Diagrams/Sequence/Confirmation_Email.png, id=696, 1099.10625pt x 557.08125pt>
File: Diagrams/Sequence/Confirmation_Email.png Graphic file (type png)
<use Diagrams/Sequence/Confirmation_Email.png>
Package pdftex.def Info: Diagrams/Sequence/Confirmation_Email.png  used on input line 688.
(pdftex.def)             Requested size: 290.22197pt x 119.2346pt.
<Diagrams/Sequence/Sort_Listings.jpg, id=697, 1063.975pt x 643.40375pt>
File: Diagrams/Sequence/Sort_Listings.jpg Graphic file (type jpg)
<use Diagrams/Sequence/Sort_Listings.jpg>
Package pdftex.def Info: Diagrams/Sequence/Sort_Listings.jpg  used on input line 699.
(pdftex.def)             Requested size: 290.2156pt x 158.9852pt.
 [27pdfTeX warning (ext4): destination with the same identifier (name{figure.9}) has been already used, duplicate ignored

\AtBegShi@Output ...ipout \box \AtBeginShipoutBox 
                                                  \fi \fi 
l.706 \clearpage
                 </Users/mortezaahmadi/University/Comp 354/Comp354_Project/Documentation/Final Iteration/Diagrams/Sequence/Add_Review.png>] [28pdfTeX warning (ext4): destination with the same identifier (name{figure.10}) has been already used, duplicate ignored

\AtBegShi@Output ...ipout \box \AtBeginShipoutBox 
                                                  \fi \fi 
l.706 \clearpage
                 </Users/mortezaahmadi/University/Comp 354/Comp354_Project/Documentation/Final Iteration/Diagrams/Sequence/Cart_Operations.jpg>] [29pdfTeX warning (ext4): destination with the same identifier (name{figure.11}) has been already used, duplicate ignored

\AtBegShi@Output ...ipout \box \AtBeginShipoutBox 
                                                  \fi \fi 
l.706 \clearpage
                 </Users/mortezaahmadi/University/Comp 354/Comp354_Project/Documentation/Final Iteration/Diagrams/Sequence/Checkout.jpg>] [30pdfTeX warning (ext4): destination with the same identifier (name{figure.12}) has been already used, duplicate ignored

\AtBegShi@Output ...ipout \box \AtBeginShipoutBox 
                                                  \fi \fi 
l.706 \clearpage
                 </Users/mortezaahmadi/University/Comp 354/Comp354_Project/Documentation/Final Iteration/Diagrams/Sequence/Edit_Client_Info.jpg>] [31pdfTeX warning (ext4): destination with the same identifier (name{figure.13}) has been already used, duplicate ignored

\AtBegShi@Output ...ipout \box \AtBeginShipoutBox 
                                                  \fi \fi 
l.706 \clearpage
                pdfTeX warning (ext4): destination with the same identifier (name{figure.14}) has been already used, duplicate ignored

\AtBegShi@Output ...ipout \box \AtBeginShipoutBox 
                                                  \fi \fi 
l.706 \clearpage
                 </Users/mortezaahmadi/University/Comp 354/Comp354_Project/Documentation/Final Iteration/Diagrams/Sequence/Filter_Listings.jpg> </Users/mortezaahmadi/University/Comp 354/Comp354_Project/Documentation/Final Iteration/Diagrams/Sequence/Listing_Details.png>] [32pdfTeX warning (ext4): destination with the same identifier (name{figure.15}) has been already used, duplicate ignored

\AtBegShi@Output ...ipout \box \AtBeginShipoutBox 
                                                  \fi \fi 
l.706 \clearpage
                pdfTeX warning (ext4): destination with the same identifier (name{figure.16}) has been already used, duplicate ignored

\AtBegShi@Output ...ipout \box \AtBeginShipoutBox 
                                                  \fi \fi 
l.706 \clearpage
                 </Users/mortezaahmadi/University/Comp 354/Comp354_Project/Documentation/Final Iteration/Diagrams/Sequence/Lists_of_Listings.jpg> </Users/mortezaahmadi/University/Comp 354/Comp354_Project/Documentation/Final Iteration/Diagrams/Sequence/Order_History.png>] [33pdfTeX warning (ext4): destination with the same identifier (name{figure.17}) has been already used, duplicate ignored

\AtBegShi@Output ...ipout \box \AtBeginShipoutBox 
                                                  \fi \fi 
l.706 \clearpage
                pdfTeX warning (ext4): destination with the same identifier (name{figure.18}) has been already used, duplicate ignored

\AtBegShi@Output ...ipout \box \AtBeginShipoutBox 
                                                  \fi \fi 
l.706 \clearpage
                 </Users/mortezaahmadi/University/Comp 354/Comp354_Project/Documentation/Final Iteration/Diagrams/Sequence/Login.jpg> </Users/mortezaahmadi/University/Comp 354/Comp354_Project/Documentation/Final Iteration/Diagrams/Sequence/Logout.jpg>] [34pdfTeX warning (ext4): destination with the same identifier (name{figure.19}) has been already used, duplicate ignored

\AtBegShi@Output ...ipout \box \AtBeginShipoutBox 
                                                  \fi \fi 
l.706 \clearpage
                 </Users/mortezaahmadi/University/Comp 354/Comp354_Project/Documentation/Final Iteration/Diagrams/Sequence/Register.jpg>] [35pdfTeX warning (ext4): destination with the same identifier (name{figure.20}) has been already used, duplicate ignored

\AtBegShi@Output ...ipout \box \AtBeginShipoutBox 
                                                  \fi \fi 
l.706 \clearpage
                pdfTeX warning (ext4): destination with the same identifier (name{figure.21}) has been already used, duplicate ignored

\AtBegShi@Output ...ipout \box \AtBeginShipoutBox 
                                                  \fi \fi 
l.706 \clearpage
                 </Users/mortezaahmadi/University/Comp 354/Comp354_Project/Documentation/Final Iteration/Diagrams/Sequence/Registered_User_Purchase.jpg> </Users/mortezaahmadi/University/Comp 354/Comp354_Project/Documentation/Final Iteration/Diagrams/Sequence/Categories.png>] [36pdfTeX warning (ext4): destination with the same identifier (name{figure.22}) has been already used, duplicate ignored

\AtBegShi@Output ...ipout \box \AtBeginShipoutBox 
                                                  \fi \fi 
l.706 \clearpage
                pdfTeX warning (ext4): destination with the same identifier (name{figure.23}) has been already used, duplicate ignored

\AtBegShi@Output ...ipout \box \AtBeginShipoutBox 
                                                  \fi \fi 
l.706 \clearpage
                 </Users/mortezaahmadi/University/Comp 354/Comp354_Project/Documentation/Final Iteration/Diagrams/Sequence/Confirmation_Email.png> </Users/mortezaahmadi/University/Comp 354/Comp354_Project/Documentation/Final Iteration/Diagrams/Sequence/Sort_Listings.jpg>]
<Diagrams/External_Interfaces/Home_Page.png, id=755, 1776.6375pt x 883.3pt>
File: Diagrams/External_Interfaces/Home_Page.png Graphic file (type png)
<use Diagrams/External_Interfaces/Home_Page.png>
Package pdftex.def Info: Diagrams/External_Interfaces/Home_Page.png  used on input line 713.
(pdftex.def)             Requested size: 479.67143pt x 238.48071pt.
<Diagrams/External_Interfaces/Login.png, id=756, 1637.11626pt x 996.72375pt>
File: Diagrams/External_Interfaces/Login.png Graphic file (type png)
<use Diagrams/External_Interfaces/Login.png>
Package pdftex.def Info: Diagrams/External_Interfaces/Login.png  used on input line 722.
(pdftex.def)             Requested size: 391.71687pt x 238.48857pt.
<Diagrams/External_Interfaces/Create_Account.png, id=757, 1580.90625pt x 779.91376pt>
File: Diagrams/External_Interfaces/Create_Account.png Graphic file (type png)
<use Diagrams/External_Interfaces/Create_Account.png>
Package pdftex.def Info: Diagrams/External_Interfaces/Create_Account.png  used on input line 731.
(pdftex.def)             Requested size: 483.41803pt x 238.48622pt.
 [37

pdfTeX warning (ext4): destination with the same identifier (name{figure.24}) has been already used, duplicate ignored

\AtBegShi@Output ...ipout \box \AtBeginShipoutBox 
                                                  \fi \fi 
l.735 \FloatBarrier
                   pdfTeX warning (ext4): destination with the same identifier (name{figure.25}) has been already used, duplicate ignored

\AtBegShi@Output ...ipout \box \AtBeginShipoutBox 
                                                  \fi \fi 
l.735 \FloatBarrier
                    </Users/mortezaahmadi/University/Comp 354/Comp354_Project/Documentation/Final Iteration/Diagrams/External_Interfaces/Home_Page.png> </Users/mortezaahmadi/University/Comp 354/Comp354_Project/Documentation/Final Iteration/Diagrams/External_Interfaces/Login.png>]
<Diagrams/External_Interfaces/Forgot_Password_1.png, id=765, 1201.48875pt x 820.06375pt>
File: Diagrams/External_Interfaces/Forgot_Password_1.png Graphic file (type png)
<use Diagrams/External_Interfaces/Forgot_Password_1.png>
Package pdftex.def Info: Diagrams/External_Interfaces/Forgot_Password_1.png  used on input line 740.
(pdftex.def)             Requested size: 349.41281pt x 238.4881pt.
<Diagrams/External_Interfaces/Forgot_Password_2.png, id=766, 1257.69875pt x 584.1825pt>
File: Diagrams/External_Interfaces/Forgot_Password_2.png Graphic file (type png)
<use Diagrams/External_Interfaces/Forgot_Password_2.png>
Package pdftex.def Info: Diagrams/External_Interfaces/Forgot_Password_2.png  used on input line 741.
(pdftex.def)             Requested size: 483.68776pt x 224.66582pt.
 [38pdfTeX warning (ext4): destination with the same identifier (name{figure.26}) has been already used, duplicate ignored

\AtBegShi@Output ...ipout \box \AtBeginShipoutBox 
                                                  \fi \fi 
l.745 \FloatBarrier
                    </Users/mortezaahmadi/University/Comp 354/Comp354_Project/Documentation/Final Iteration/Diagrams/External_Interfaces/Create_Account.png>] [39pdfTeX warning (ext4): destination with the same identifier (name{figure.27}) has been already used, duplicate ignored

\AtBegShi@Output ...ipout \box \AtBeginShipoutBox 
                                                  \fi \fi 
l.745 \FloatBarrier
                    </Users/mortezaahmadi/University/Comp 354/Comp354_Project/Documentation/Final Iteration/Diagrams/External_Interfaces/Forgot_Password_1.png> </Users/mortezaahmadi/University/Comp 354/Comp354_Project/Documentation/Final Iteration/Diagrams/External_Interfaces/Forgot_Password_2.png>]
<Diagrams/External_Interfaces/User_Profile.png, id=778, 1233.60875pt x 711.65875pt>
File: Diagrams/External_Interfaces/User_Profile.png Graphic file (type png)
<use Diagrams/External_Interfaces/User_Profile.png>
Package pdftex.def Info: Diagrams/External_Interfaces/User_Profile.png  used on input line 750.
(pdftex.def)             Requested size: 413.39796pt x 238.48589pt.
<Diagrams/External_Interfaces/Order_History.png, id=779, 1250.6725pt x 690.58pt>
File: Diagrams/External_Interfaces/Order_History.png Graphic file (type png)
<use Diagrams/External_Interfaces/Order_History.png>
Package pdftex.def Info: Diagrams/External_Interfaces/Order_History.png  used on input line 759.
(pdftex.def)             Requested size: 431.9214pt x 238.4927pt.
<Diagrams/External_Interfaces/Order_Details.png, id=780, 1259.70625pt x 850.17625pt>
File: Diagrams/External_Interfaces/Order_Details.png Graphic file (type png)
<use Diagrams/External_Interfaces/Order_Details.png>
Package pdftex.def Info: Diagrams/External_Interfaces/Order_Details.png  used on input line 768.
(pdftex.def)             Requested size: 353.36888pt x 238.4888pt.
 [40

pdfTeX warning (ext4): destination with the same identifier (name{figure.28}) has been already used, duplicate ignored

\AtBegShi@Output ...ipout \box \AtBeginShipoutBox 
                                                  \fi \fi 
l.772 \FloatBarrier
                   pdfTeX warning (ext4): destination with the same identifier (name{figure.29}) has been already used, duplicate ignored

\AtBegShi@Output ...ipout \box \AtBeginShipoutBox 
                                                  \fi \fi 
l.772 \FloatBarrier
                    </Users/mortezaahmadi/University/Comp 354/Comp354_Project/Documentation/Final Iteration/Diagrams/External_Interfaces/User_Profile.png> </Users/mortezaahmadi/University/Comp 354/Comp354_Project/Documentation/Final Iteration/Diagrams/External_Interfaces/Order_History.png>]
<Diagrams/External_Interfaces/Adding_Review.png, id=787, 1233.60875pt x 867.24pt>
File: Diagrams/External_Interfaces/Adding_Review.png Graphic file (type png)
<use Diagrams/External_Interfaces/Adding_Review.png>
Package pdftex.def Info: Diagrams/External_Interfaces/Adding_Review.png  used on input line 777.
(pdftex.def)             Requested size: 339.23404pt x 238.48512pt.
<Diagrams/External_Interfaces/Categories.png, id=788, 1449.415pt x 887.315pt>
File: Diagrams/External_Interfaces/Categories.png Graphic file (type png)
<use Diagrams/External_Interfaces/Categories.png>
Package pdftex.def Info: Diagrams/External_Interfaces/Categories.png  used on input line 786.
(pdftex.def)             Requested size: 483.68268pt x 296.1049pt.
 [41pdfTeX warning (ext4): destination with the same identifier (name{figure.30}) has been already used, duplicate ignored

\AtBegShi@Output ...ipout \box \AtBeginShipoutBox 
                                                  \fi \fi 
l.790 \FloatBarrier
                   pdfTeX warning (ext4): destination with the same identifier (name{figure.31}) has been already used, duplicate ignored

\AtBegShi@Output ...ipout \box \AtBeginShipoutBox 
                                                  \fi \fi 
l.790 \FloatBarrier
                    </Users/mortezaahmadi/University/Comp 354/Comp354_Project/Documentation/Final Iteration/Diagrams/External_Interfaces/Order_Details.png> </Users/mortezaahmadi/University/Comp 354/Comp354_Project/Documentation/Final Iteration/Diagrams/External_Interfaces/Adding_Review.png>]
<Diagrams/External_Interfaces/Categories_filtered.png, id=795, 1533.73pt x 539.01375pt>
File: Diagrams/External_Interfaces/Categories_filtered.png Graphic file (type png)
<use Diagrams/External_Interfaces/Categories_filtered.png>
Package pdftex.def Info: Diagrams/External_Interfaces/Categories_filtered.png  used on input line 795.
(pdftex.def)             Requested size: 483.68918pt x 169.98761pt.
<Diagrams/External_Interfaces/Search_Listing.png, id=796, 1563.8425pt x 982.67125pt>
File: Diagrams/External_Interfaces/Search_Listing.png Graphic file (type png)
<use Diagrams/External_Interfaces/Search_Listing.png>
Package pdftex.def Info: Diagrams/External_Interfaces/Search_Listing.png  used on input line 804.
(pdftex.def)             Requested size: 379.52963pt x 238.48492pt.
 [42pdfTeX warning (ext4): destination with the same identifier (name{figure.32}) has been already used, duplicate ignored

\AtBegShi@Output ...ipout \box \AtBeginShipoutBox 
                                                  \fi \fi 
l.808 \FloatBarrier
                   pdfTeX warning (ext4): destination with the same identifier (name{figure.33}) has been already used, duplicate ignored

\AtBegShi@Output ...ipout \box \AtBeginShipoutBox 
                                                  \fi \fi 
l.808 \FloatBarrier
                    </Users/mortezaahmadi/University/Comp 354/Comp354_Project/Documentation/Final Iteration/Diagrams/External_Interfaces/Categories.png> </Users/mortezaahmadi/University/Comp 354/Comp354_Project/Documentation/Final Iteration/Diagrams/External_Interfaces/Categories_filtered.png>]
<Diagrams/External_Interfaces/Create_Listing.png, id=803, 1235.61626pt x 927.465pt>
File: Diagrams/External_Interfaces/Create_Listing.png Graphic file (type png)
<use Diagrams/External_Interfaces/Create_Listing.png>
Package pdftex.def Info: Diagrams/External_Interfaces/Create_Listing.png  used on input line 813.
(pdftex.def)             Requested size: 317.72696pt x 238.4888pt.
<Diagrams/External_Interfaces/List_Of_Listings_1.png, id=804, 1425.325pt x 981.6675pt>
File: Diagrams/External_Interfaces/List_Of_Listings_1.png Graphic file (type png)
<use Diagrams/External_Interfaces/List_Of_Listings_1.png>
Package pdftex.def Info: Diagrams/External_Interfaces/List_Of_Listings_1.png  used on input line 822.
(pdftex.def)             Requested size: 346.26074pt x 238.48099pt.
<Diagrams/External_Interfaces/List_Of_Listings_2.png, id=805, 1427.3325pt x 797.98125pt>
File: Diagrams/External_Interfaces/List_Of_Listings_2.png Graphic file (type png)
<use Diagrams/External_Interfaces/List_Of_Listings_2.png>
Package pdftex.def Info: Diagrams/External_Interfaces/List_Of_Listings_2.png  used on input line 823.
(pdftex.def)             Requested size: 426.59138pt x 238.49518pt.
 [43pdfTeX warning (ext4): destination with the same identifier (name{figure.34}) has been already used, duplicate ignored

\AtBegShi@Output ...ipout \box \AtBeginShipoutBox 
                                                  \fi \fi 
l.827 \FloatBarrier
                   pdfTeX warning (ext4): destination with the same identifier (name{figure.35}) has been already used, duplicate ignored

\AtBegShi@Output ...ipout \box \AtBeginShipoutBox 
                                                  \fi \fi 
l.827 \FloatBarrier
                    </Users/mortezaahmadi/University/Comp 354/Comp354_Project/Documentation/Final Iteration/Diagrams/External_Interfaces/Search_Listing.png> </Users/mortezaahmadi/University/Comp 354/Comp354_Project/Documentation/Final Iteration/Diagrams/External_Interfaces/Create_Listing.png>]
<Diagrams/External_Interfaces/Latest_Listings.png, id=813, 1364.09625pt x 924.45375pt>
File: Diagrams/External_Interfaces/Latest_Listings.png Graphic file (type png)
<use Diagrams/External_Interfaces/Latest_Listings.png>
Package pdftex.def Info: Diagrams/External_Interfaces/Latest_Listings.png  used on input line 832.
(pdftex.def)             Requested size: 351.90916pt x 238.49031pt.
 [44pdfTeX warning (ext4): destination with the same identifier (name{figure.36}) has been already used, duplicate ignored

\AtBegShi@Output ...ipout \box \AtBeginShipoutBox 
                                                  \fi \fi 
l.836 \FloatBarrier
                    </Users/mortezaahmadi/University/Comp 354/Comp354_Project/Documentation/Final Iteration/Diagrams/External_Interfaces/List_Of_Listings_1.png> </Users/mortezaahmadi/University/Comp 354/Comp354_Project/Documentation/Final Iteration/Diagrams/External_Interfaces/List_Of_Listings_2.png>] [45pdfTeX warning (ext4): destination with the same identifier (name{figure.37}) has been already used, duplicate ignored

\AtBegShi@Output ...ipout \box \AtBeginShipoutBox 
                                                  \fi \fi 
l.836 \FloatBarrier
                    </Users/mortezaahmadi/University/Comp 354/Comp354_Project/Documentation/Final Iteration/Diagrams/External_Interfaces/Latest_Listings.png>]
<Diagrams/External_Interfaces/Listing_details.png, id=825, 1219.55624pt x 956.57375pt>
File: Diagrams/External_Interfaces/Listing_details.png Graphic file (type png)
<use Diagrams/External_Interfaces/Listing_details.png>
Package pdftex.def Info: Diagrams/External_Interfaces/Listing_details.png  used on input line 841.
(pdftex.def)             Requested size: 304.0509pt x 238.48602pt.
<Diagrams/External_Interfaces/Cart.png, id=826, 1226.5825pt x 681.54625pt>
File: Diagrams/External_Interfaces/Cart.png Graphic file (type png)
<use Diagrams/External_Interfaces/Cart.png>
Package pdftex.def Info: Diagrams/External_Interfaces/Cart.png  used on input line 850.
(pdftex.def)             Requested size: 429.21672pt x 238.49275pt.
<Diagrams/External_Interfaces/Checkout.png, id=827, 1236.62pt x 940.51375pt>
File: Diagrams/External_Interfaces/Checkout.png Graphic file (type png)
<use Diagrams/External_Interfaces/Checkout.png>
Package pdftex.def Info: Diagrams/External_Interfaces/Checkout.png  used on input line 859.
(pdftex.def)             Requested size: 313.56966pt x 238.48601pt.
 [46

pdfTeX warning (ext4): destination with the same identifier (name{figure.38}) has been already used, duplicate ignored

\AtBegShi@Output ...ipout \box \AtBeginShipoutBox 
                                                  \fi \fi 
l.863 \clearpage
                pdfTeX warning (ext4): destination with the same identifier (name{figure.39}) has been already used, duplicate ignored

\AtBegShi@Output ...ipout \box \AtBeginShipoutBox 
                                                  \fi \fi 
l.863 \clearpage
                 </Users/mortezaahmadi/University/Comp 354/Comp354_Project/Documentation/Final Iteration/Diagrams/External_Interfaces/Listing_details.png> </Users/mortezaahmadi/University/Comp 354/Comp354_Project/Documentation/Final Iteration/Diagrams/External_Interfaces/Cart.png>] [47pdfTeX warning (ext4): destination with the same identifier (name{figure.40}) has been already used, duplicate ignored

\AtBegShi@Output ...ipout \box \AtBeginShipoutBox 
                                                  \fi \fi 
l.863 \clearpage
                 </Users/mortezaahmadi/University/Comp 354/Comp354_Project/Documentation/Final Iteration/Diagrams/External_Interfaces/Checkout.png>]
<Diagrams/Class/Architectural_diagram.png, id=840, 7649.57875pt x 7649.57875pt>
File: Diagrams/Class/Architectural_diagram.png Graphic file (type png)
<use Diagrams/Class/Architectural_diagram.png>
Package pdftex.def Info: Diagrams/Class/Architectural_diagram.png  used on input line 868.
(pdftex.def)             Requested size: 483.58348pt x 476.93028pt.
 [48

pdfTeX warning (ext4): destination with the same identifier (name{figure.41}) has been already used, duplicate ignored

\AtBegShi@Output ...ipout \box \AtBeginShipoutBox 
                                                  \fi \fi 
l.878     \subsection
                     {Back-end} </Users/mortezaahmadi/University/Comp 354/Comp354_Project/Documentation/Final Iteration/Diagrams/Class/Architectural_diagram.png>] [49] [50pdfTeX warning (ext4): destination with the same identifier (name{table.12}) has been already used, duplicate ignored

\AtBegShi@Output ...ipout \box \AtBeginShipoutBox 
                                                  \fi \fi 
l.948 
      ]
LaTeX Font Info:    Try loading font information for OMS+cmr on input line 952.
 (/usr/local/texlive/2019/texmf-dist/tex/latex/base/omscmr.fd
File: omscmr.fd 2014/09/29 v2.5h Standard LaTeX font definitions
)
LaTeX Font Info:    Font shape `OMS/cmr/m/n' in size <10.95> not available
(Font)              Font shape `OMS/cmsy/m/n' tried instead on input line 952.
 (/Users/mortezaahmadi/University/Comp 354/Comp354_Project/Documentation/Final Iteration/Design Document.ind [51])
Package atveryend Info: Empty hook `BeforeClearDocument' on input line 987.
 [52]
Package atveryend Info: Empty hook `AfterLastShipout' on input line 987.
 (/Users/mortezaahmadi/University/Comp 354/Comp354_Project/Documentation/Final Iteration/Design Document.aux)
Package atveryend Info: Executing hook `AtVeryEndDocument' on input line 987.
Package atveryend Info: Executing hook `AtEndAfterFileList' on input line 987.
Package rerunfilecheck Info: File `"Design Document".out' has not changed.
(rerunfilecheck)             Checksum: 69FFA5EA6520664E984143724CDD93C3;4375.


LaTeX Warning: There were multiply-defined labels.

Package atveryend Info: Empty hook `AtVeryVeryEnd' on input line 987.
 ) 
Here is how much of TeX's memory you used:
 7823 strings out of 492616
 124268 string characters out of 6129482
 228272 words of memory out of 5000000
 11327 multiletter control sequences out of 15000+600000
 8243 words of font info for 29 fonts, out of 8000000 for 9000
 1141 hyphenation exceptions out of 8191
 30i,13n,37p,1239b,413s stack positions out of 5000i,500n,10000p,200000b,80000s
</usr/local/texlive/2019/texmf-dist/fonts/type1/public/amsfonts/cm/cmbx10.pfb></usr/local/texlive/2019/texmf-dist/fonts/type1/public/amsfonts/cm/cmbx12.pfb></usr/local/texlive/2019/texmf-dist/fonts/type1/public/amsfonts/cm/cmr10.pfb></usr/local/texlive/2019/texmf-dist/fonts/type1/public/amsfonts/cm/cmsy10.pfb></usr/local/texlive/2019/texmf-dist/fonts/type1/public/amsfonts/cm/cmti10.pfb>
Output written on "/Users/mortezaahmadi/University/Comp 354/Comp354_Project/Documentation/Final Iteration/Design Document.pdf" (52 pages, 6029661 bytes).
PDF statistics:
 1010 PDF objects out of 1200 (max. 8388607)
 858 compressed objects within 9 object streams
 260 named destinations out of 1000 (max. 500000)
 792 words of extra memory for PDF output out of 10000 (max. 10000000)

