\BOOKMARK [1][-]{section.1}{Use Cases}{}% 1
\BOOKMARK [2][-]{subsection.1.1}{Selling}{section.1}% 2
\BOOKMARK [2][-]{subsection.1.2}{Buying}{section.1}% 3
\BOOKMARK [2][-]{subsection.1.3}{Login}{section.1}% 4
\BOOKMARK [2][-]{subsection.1.4}{Admin Panel}{section.1}% 5
\BOOKMARK [2][-]{subsection.1.5}{Site Browsing}{section.1}% 6
\BOOKMARK [1][-]{section.2}{Entity Relationship Diagram}{}% 7
\BOOKMARK [2][-]{subsection.2.1}{Description Of Each Entity}{section.2}% 8
\BOOKMARK [3][-]{section*.4}{Client}{subsection.2.1}% 9
\BOOKMARK [3][-]{section*.5}{Listings}{subsection.2.1}% 10
\BOOKMARK [3][-]{section*.6}{Address}{subsection.2.1}% 11
\BOOKMARK [3][-]{section*.7}{Order}{subsection.2.1}% 12
\BOOKMARK [3][-]{section*.8}{Review}{subsection.2.1}% 13
\BOOKMARK [3][-]{section*.9}{Order Details}{subsection.2.1}% 14
\BOOKMARK [3][-]{section*.10}{Category}{subsection.2.1}% 15
\BOOKMARK [3][-]{section*.11}{Cart}{subsection.2.1}% 16
\BOOKMARK [1][-]{section.3}{Class Diagram}{}% 17
\BOOKMARK [2][-]{subsection.3.1}{Description Of Class Diagram}{section.3}% 18
\BOOKMARK [3][-]{section*.12}{Client}{subsection.3.1}% 19
\BOOKMARK [3][-]{section*.13}{ClientInfo}{subsection.3.1}% 20
\BOOKMARK [3][-]{section*.14}{Listings}{subsection.3.1}% 21
\BOOKMARK [3][-]{section*.15}{Address}{subsection.3.1}% 22
\BOOKMARK [3][-]{section*.16}{Order}{subsection.3.1}% 23
\BOOKMARK [3][-]{section*.17}{Review}{subsection.3.1}% 24
\BOOKMARK [1][-]{section.4}{Sequence Diagrams}{}% 25
\BOOKMARK [2][-]{subsection.4.1}{Add Review to Listing}{section.4}% 26
\BOOKMARK [2][-]{subsection.4.2}{Cart Operations}{section.4}% 27
\BOOKMARK [2][-]{subsection.4.3}{Checkout}{section.4}% 28
\BOOKMARK [2][-]{subsection.4.4}{Edit Client Information}{section.4}% 29
\BOOKMARK [2][-]{subsection.4.5}{Filter Listings Results}{section.4}% 30
\BOOKMARK [2][-]{subsection.4.6}{Get Listings Details}{section.4}% 31
\BOOKMARK [2][-]{subsection.4.7}{Get Lists of Listings}{section.4}% 32
\BOOKMARK [2][-]{subsection.4.8}{Get Order History}{section.4}% 33
\BOOKMARK [2][-]{subsection.4.9}{Login}{section.4}% 34
\BOOKMARK [2][-]{subsection.4.10}{Logout}{section.4}% 35
\BOOKMARK [2][-]{subsection.4.11}{Register}{section.4}% 36
\BOOKMARK [2][-]{subsection.4.12}{Purchase by a Registered User}{section.4}% 37
\BOOKMARK [2][-]{subsection.4.13}{Select Listing Category}{section.4}% 38
\BOOKMARK [2][-]{subsection.4.14}{Send Confirmation Email}{section.4}% 39
\BOOKMARK [2][-]{subsection.4.15}{Sort Listings Results}{section.4}% 40
\BOOKMARK [1][-]{section.5}{External Interface}{}% 41
\BOOKMARK [2][-]{subsection.5.1}{Home Page}{section.5}% 42
\BOOKMARK [2][-]{subsection.5.2}{Login}{section.5}% 43
\BOOKMARK [2][-]{subsection.5.3}{Create account}{section.5}% 44
\BOOKMARK [2][-]{subsection.5.4}{Result of a category}{section.5}% 45
\BOOKMARK [2][-]{subsection.5.5}{Apply filters}{section.5}% 46
\BOOKMARK [2][-]{subsection.5.6}{Search for an item}{section.5}% 47
\BOOKMARK [2][-]{subsection.5.7}{List of listings}{section.5}% 48
\BOOKMARK [2][-]{subsection.5.8}{Latest listings}{section.5}% 49
\BOOKMARK [1][-]{section.6}{Architectural Diagram}{}% 50
\BOOKMARK [1][-]{section.7}{Conclusion}{}% 51
\BOOKMARK [1][-]{appendix.A}{Newly Added Requirements}{}% 52
\BOOKMARK [1][-]{appendix.B}{Index}{}% 53
\BOOKMARK [1][-]{appendix.C}{Reference}{}% 54
