This is pdfTeX, Version 3.14159265-2.6-1.40.20 (MiKTeX 2.9.7200 64-bit) (preloaded format=pdflatex 2019.11.7)  7 NOV 2019 17:21
entering extended mode
**"./Design Document.tex"
("Design Document.tex"
LaTeX2e <2019-10-01> patch level 1
("C:\Program Files\MiKTeX 2.9\tex/latex/base\article.cls"
Document Class: article 2019/08/27 v1.4j Standard LaTeX document class
("C:\Program Files\MiKTeX 2.9\tex/latex/base\size11.clo"
File: size11.clo 2019/08/27 v1.4j Standard LaTeX file (size option)
)
\c@part=\count80
\c@section=\count81
\c@subsection=\count82
\c@subsubsection=\count83
\c@paragraph=\count84
\c@subparagraph=\count85
\c@figure=\count86
\c@table=\count87
\abovecaptionskip=\skip41
\belowcaptionskip=\skip42
\bibindent=\dimen102
)
("C:\Program Files\MiKTeX 2.9\tex/latex/graphics\color.sty"
Package: color 2016/07/10 v1.1e Standard LaTeX Color (DPC)

("C:\Program Files\MiKTeX 2.9\tex/latex/graphics-cfg\color.cfg"
File: color.cfg 2016/01/02 v1.6 sample color configuration
)
Package color Info: Driver file: pdftex.def on input line 147.

("C:\Program Files\MiKTeX 2.9\tex/latex/graphics-def\pdftex.def"
File: pdftex.def 2018/01/08 v1.0l Graphics/color driver for pdftex
))
("C:\Program Files\MiKTeX 2.9\tex/generic/genmisc\nth.sty"
Package: nth 2002/02/27
)
("C:\Program Files\MiKTeX 2.9\tex/latex/enumitem\enumitem.sty"
Package: enumitem 2019/06/20 v3.9 Customized lists
\enitkv@toks@=\toks14
\labelindent=\skip43
\enit@outerparindent=\dimen103
\enit@toks=\toks15
\enit@inbox=\box27
\enit@count@id=\count88
\enitdp@description=\count89
)
("C:\Program Files\MiKTeX 2.9\tex/latex/booktabs\booktabs.sty"
Package: booktabs 2019/10/08 v1.6180339 publication quality tables
\heavyrulewidth=\dimen104
\lightrulewidth=\dimen105
\cmidrulewidth=\dimen106
\belowrulesep=\dimen107
\belowbottomsep=\dimen108
\aboverulesep=\dimen109
\abovetopsep=\dimen110
\cmidrulesep=\dimen111
\cmidrulekern=\dimen112
\defaultaddspace=\dimen113
\@cmidla=\count90
\@cmidlb=\count91
\@aboverulesep=\dimen114
\@belowrulesep=\dimen115
\@thisruleclass=\count92
\@lastruleclass=\count93
\@thisrulewidth=\dimen116
)
("C:\Program Files\MiKTeX 2.9\tex/latex/tools\tabularx.sty"
Package: tabularx 2016/02/03 v2.11b `tabularx' package (DPC)

("C:\Program Files\MiKTeX 2.9\tex/latex/tools\array.sty"
Package: array 2019/08/31 v2.4l Tabular extension package (FMi)
\col@sep=\dimen117
\ar@mcellbox=\box28
\extrarowheight=\dimen118
\NC@list=\toks16
\extratabsurround=\skip44
\backup@length=\skip45
\ar@cellbox=\box29
)
\TX@col@width=\dimen119
\TX@old@table=\dimen120
\TX@old@col=\dimen121
\TX@target=\dimen122
\TX@delta=\dimen123
\TX@cols=\count94
\TX@ftn=\toks17
)
("C:\Program Files\MiKTeX 2.9\tex/latex/hyperref\hyperref.sty"
Package: hyperref 2019/09/28 v7.00a Hypertext links for LaTeX

("C:\Program Files\MiKTeX 2.9\tex/generic/oberdiek\hobsub-hyperref.sty"
Package: hobsub-hyperref 2019/10/27
hobsub not currently supported, see hobsub.dtx to extract original code

("C:\Program Files\MiKTeX 2.9\tex/generic/oberdiek\ltxcmds.sty"
Package: ltxcmds 2016/05/16 v1.23 LaTeX kernel commands for general use (HO)
)
("C:\Program Files\MiKTeX 2.9\tex/generic/iftex\ifvtex.sty"
Package: ifvtex 2019/10/25 v1.7 ifvtex legacy package. Use iftex instead.

("C:\Program Files\MiKTeX 2.9\tex/generic/iftex\iftex.sty"
Package: iftex 2019/10/24 v1.0a TeX engine tests
))
("C:\Program Files\MiKTeX 2.9\tex/generic/oberdiek\pdftexcmds.sty"
Package: pdftexcmds 2019/07/25 v0.30 Utility functions of pdfTeX for LuaTeX (HO
)

("C:\Program Files\MiKTeX 2.9\tex/generic/oberdiek\infwarerr.sty"
Package: infwarerr 2016/05/16 v1.4 Providing info/warning/error messages (HO)
)
("C:\Program Files\MiKTeX 2.9\tex/generic/iftex\ifluatex.sty"
Package: ifluatex 2019/10/25 v1.5 ifluatex legacy package. Use iftex instead.
)
("C:\Program Files\MiKTeX 2.9\tex/generic/iftex\ifpdf.sty"
Package: ifpdf 2019/10/25 v3.4 ifpdf legacy package. Use iftex instead.
)
Package pdftexcmds Info: LuaTeX not detected.
Package pdftexcmds Info: \pdf@primitive is available.
Package pdftexcmds Info: \pdf@ifprimitive is available.
Package pdftexcmds Info: \pdfdraftmode found.
)
("C:\Program Files\MiKTeX 2.9\tex/latex/graphics\keyval.sty"
Package: keyval 2014/10/28 v1.15 key=value parser (DPC)
\KV@toks@=\toks18
)
("C:\Program Files\MiKTeX 2.9\tex/generic/oberdiek\kvsetkeys.sty"
Package: kvsetkeys 2016/05/16 v1.17 Key value parser (HO)

("C:\Program Files\MiKTeX 2.9\tex/generic/oberdiek\etexcmds.sty"
Package: etexcmds 2016/05/16 v1.6 Avoid name clashes with e-TeX commands (HO)
))
("C:\Program Files\MiKTeX 2.9\tex/generic/oberdiek\kvdefinekeys.sty"
Package: kvdefinekeys 2016/05/16 v1.4 Define keys (HO)
)
("C:\Program Files\MiKTeX 2.9\tex/generic/oberdiek\pdfescape.sty"
Package: pdfescape 2016/05/16 v1.14 Implements pdfTeX's escape features (HO)
)
("C:\Program Files\MiKTeX 2.9\tex/latex/oberdiek\hycolor.sty"
Package: hycolor 2016/05/16 v1.8 Color options for hyperref/bookmark (HO)

("C:\Program Files\MiKTeX 2.9\tex/latex/oberdiek\xcolor-patch.sty"
Package: xcolor-patch 2016/05/16 xcolor patch

("C:\Program Files\MiKTeX 2.9\tex/latex/oberdiek\hopatch.sty"
Package: hopatch 2016/05/16 v1.3 Wrapper for package hooks (HO)
)))
("C:\Program Files\MiKTeX 2.9\tex/latex/oberdiek\letltxmacro.sty"
Package: letltxmacro 2016/05/16 v1.5 Let assignment for LaTeX macros (HO)
))
("C:\Program Files\MiKTeX 2.9\tex/latex/oberdiek\auxhook.sty"
Package: auxhook 2016/05/16 v1.4 Hooks for auxiliary files (HO)
)
("C:\Program Files\MiKTeX 2.9\tex/generic/iftex\ifxetex.sty"
Package: ifxetex 2019/10/25 v0.7 ifxetex legacy package. Use iftex instead.
)
("C:\Program Files\MiKTeX 2.9\tex/latex/oberdiek\kvoptions.sty"
Package: kvoptions 2016/05/16 v3.12 Key value format for package options (HO)
)
\@linkdim=\dimen124
\Hy@linkcounter=\count95
\Hy@pagecounter=\count96

("C:\Program Files\MiKTeX 2.9\tex/latex/hyperref\pd1enc.def"
File: pd1enc.def 2019/09/28 v7.00a Hyperref: PDFDocEncoding definition (HO)
Now handling font encoding PD1 ...
... no UTF-8 mapping file for font encoding PD1
)
("C:\Program Files\MiKTeX 2.9\tex/generic/oberdiek\intcalc.sty"
Package: intcalc 2016/05/16 v1.2 Expandable calculations with integers (HO)
)
\Hy@SavedSpaceFactor=\count97

("C:\Program Files\MiKTeX 2.9\tex/latex/00miktex\hyperref.cfg"
File: hyperref.cfg 2002/06/06 v1.2 hyperref configuration of TeXLive
)
Package hyperref Info: Hyper figures OFF on input line 4540.
Package hyperref Info: Link nesting OFF on input line 4545.
Package hyperref Info: Hyper index ON on input line 4548.
Package hyperref Info: Plain pages OFF on input line 4555.
Package hyperref Info: Backreferencing OFF on input line 4560.
Package hyperref Info: Implicit mode ON; LaTeX internals redefined.
Package hyperref Info: Bookmarks ON on input line 4793.
\c@Hy@tempcnt=\count98

("C:\Program Files\MiKTeX 2.9\tex/latex/url\url.sty"
\Urlmuskip=\muskip10
Package: url 2013/09/16  ver 3.4  Verb mode for urls, etc.
)
LaTeX Info: Redefining \url on input line 5152.
\XeTeXLinkMargin=\dimen125

("C:\Program Files\MiKTeX 2.9\tex/generic/oberdiek\bitset.sty"
Package: bitset 2016/05/16 v1.2 Handle bit-vector datatype (HO)

("C:\Program Files\MiKTeX 2.9\tex/generic/oberdiek\bigintcalc.sty"
Package: bigintcalc 2016/05/16 v1.4 Expandable calculations on big integers (HO
)
))
\Fld@menulength=\count99
\Field@Width=\dimen126
\Fld@charsize=\dimen127
Package hyperref Info: Hyper figures OFF on input line 6423.
Package hyperref Info: Link nesting OFF on input line 6428.
Package hyperref Info: Hyper index ON on input line 6431.
Package hyperref Info: backreferencing OFF on input line 6438.
Package hyperref Info: Link coloring OFF on input line 6443.
Package hyperref Info: Link coloring with OCG OFF on input line 6448.
Package hyperref Info: PDF/A mode OFF on input line 6453.
LaTeX Info: Redefining \ref on input line 6493.
LaTeX Info: Redefining \pageref on input line 6497.

("C:\Program Files\MiKTeX 2.9\tex/generic/oberdiek\atbegshi.sty"
Package: atbegshi 2016/06/09 v1.18 At begin shipout hook (HO)
)
\Hy@abspage=\count100
\c@Item=\count101
\c@Hfootnote=\count102
)
Package hyperref Info: Driver (autodetected): hpdftex.

("C:\Program Files\MiKTeX 2.9\tex/latex/hyperref\hpdftex.def"
File: hpdftex.def 2019/09/28 v7.00a Hyperref driver for pdfTeX

("C:\Program Files\MiKTeX 2.9\tex/latex/oberdiek\atveryend.sty"
Package: atveryend 2016/05/16 v1.9 Hooks at the very end of document (HO)
Package atveryend Info: \enddocument detected (standard20110627).
)
\Fld@listcount=\count103
\c@bookmark@seq@number=\count104

("C:\Program Files\MiKTeX 2.9\tex/latex/oberdiek\rerunfilecheck.sty"
Package: rerunfilecheck 2016/05/16 v1.8 Rerun checks for auxiliary files (HO)

("C:\Program Files\MiKTeX 2.9\tex/generic/oberdiek\uniquecounter.sty"
Package: uniquecounter 2016/05/16 v1.3 Provide unlimited unique counter (HO)
)
Package uniquecounter Info: New unique counter `rerunfilecheck' on input line 2
82.
)
\Hy@SectionHShift=\skip46
)
("C:\Program Files\MiKTeX 2.9\tex/latex/graphics\graphicx.sty"
Package: graphicx 2017/06/01 v1.1a Enhanced LaTeX Graphics (DPC,SPQR)

("C:\Program Files\MiKTeX 2.9\tex/latex/graphics\graphics.sty"
Package: graphics 2019/10/08 v1.3c Standard LaTeX Graphics (DPC,SPQR)

("C:\Program Files\MiKTeX 2.9\tex/latex/graphics\trig.sty"
Package: trig 2016/01/03 v1.10 sin cos tan (DPC)
)
("C:\Program Files\MiKTeX 2.9\tex/latex/graphics-cfg\graphics.cfg"
File: graphics.cfg 2016/06/04 v1.11 sample graphics configuration
)
Package graphics Info: Driver file: pdftex.def on input line 105.
)
\Gin@req@height=\dimen128
\Gin@req@width=\dimen129
)
("C:\Program Files\MiKTeX 2.9\tex/latex/adjustbox\adjustbox.sty"
Package: adjustbox 2019/01/04 v1.2 Adjusting TeX boxes (trim, clip, ...)

("C:\Program Files\MiKTeX 2.9\tex/latex/xkeyval\xkeyval.sty"
Package: xkeyval 2014/12/03 v2.7a package option processing (HA)

("C:\Program Files\MiKTeX 2.9\tex/generic/xkeyval\xkeyval.tex"
("C:\Program Files\MiKTeX 2.9\tex/generic/xkeyval\xkvutils.tex"
\XKV@toks=\toks19
\XKV@tempa@toks=\toks20
)
\XKV@depth=\count105
File: xkeyval.tex 2014/12/03 v2.7a key=value parser (HA)
))
("C:\Program Files\MiKTeX 2.9\tex/latex/adjustbox\adjcalc.sty"
Package: adjcalc 2012/05/16 v1.1 Provides advanced setlength with multiple back
-ends (calc, etex, pgfmath)
)
("C:\Program Files\MiKTeX 2.9\tex/latex/adjustbox\trimclip.sty"
Package: trimclip 2018/04/08 v1.1 Trim and clip general TeX material

("C:\Program Files\MiKTeX 2.9\tex/latex/collectbox\collectbox.sty"
Package: collectbox 2012/05/17 v0.4b Collect macro arguments as boxes
\collectedbox=\box30
)
\tc@llx=\dimen130
\tc@lly=\dimen131
\tc@urx=\dimen132
\tc@ury=\dimen133
Package trimclip Info: Using driver 'tc-pdftex.def'.

("C:\Program Files\MiKTeX 2.9\tex/latex/adjustbox\tc-pdftex.def"
File: tc-pdftex.def 2019/01/04 v2.2 Clipping driver for pdftex
))
\adjbox@Width=\dimen134
\adjbox@Height=\dimen135
\adjbox@Depth=\dimen136
\adjbox@Totalheight=\dimen137
\adjbox@pwidth=\dimen138
\adjbox@pheight=\dimen139
\adjbox@pdepth=\dimen140
\adjbox@ptotalheight=\dimen141

("C:\Program Files\MiKTeX 2.9\tex/latex/ifoddpage\ifoddpage.sty"
Package: ifoddpage 2016/04/23 v1.1 Conditionals for odd/even page detection
\c@checkoddpage=\count106
)
("C:\Program Files\MiKTeX 2.9\tex/latex/varwidth\varwidth.sty"
Package: varwidth 2009/03/30 ver 0.92;  Variable-width minipages
\@vwid@box=\box31
\sift@deathcycles=\count107
\@vwid@loff=\dimen142
\@vwid@roff=\dimen143
))
("C:\Program Files\MiKTeX 2.9\tex/latex/float\float.sty"
Package: float 2001/11/08 v1.3d Float enhancements (AL)
\c@float@type=\count108
\float@exts=\toks21
\float@box=\box32
\@float@everytoks=\toks22
\@floatcapt=\box33
)
("C:\Program Files\MiKTeX 2.9\tex/latex/base\makeidx.sty"
Package: makeidx 2014/09/29 v1.0m Standard LaTeX package
)
\@indexfile=\write3
\openout3 = `"Design Document.idx"'.


Writing index file "Design Document".idx
("C:\Program Files\MiKTeX 2.9\tex/latex/idxlayout\idxlayout.sty"
Package: idxlayout 2012/03/30 v0.4d Configurable index layout

("C:\Program Files\MiKTeX 2.9\tex/latex/etoolbox\etoolbox.sty"
Package: etoolbox 2019/09/21 v2.5h e-TeX tools for LaTeX (JAW)
\etb@tempcnta=\count109
)
("C:\Program Files\MiKTeX 2.9\tex/latex/tools\multicol.sty"
Package: multicol 2019/03/01 v1.8w multicolumn formatting (FMi)
\c@tracingmulticols=\count110
\mult@box=\box34
\multicol@leftmargin=\dimen144
\c@unbalance=\count111
\c@collectmore=\count112
\doublecol@number=\count113
\multicoltolerance=\count114
\multicolpretolerance=\count115
\full@width=\dimen145
\page@free=\dimen146
\premulticols=\dimen147
\postmulticols=\dimen148
\multicolsep=\skip47
\multicolbaselineskip=\skip48
\partial@page=\box35
\last@line=\box36
\maxbalancingoverflow=\dimen149
\mult@rightbox=\box37
\mult@grightbox=\box38
\mult@gfirstbox=\box39
\mult@firstbox=\box40
\@tempa=\box41
\@tempa=\box42
\@tempa=\box43
\@tempa=\box44
\@tempa=\box45
\@tempa=\box46
\@tempa=\box47
\@tempa=\box48
\@tempa=\box49
\@tempa=\box50
\@tempa=\box51
\@tempa=\box52
\@tempa=\box53
\@tempa=\box54
\@tempa=\box55
\@tempa=\box56
\@tempa=\box57
\c@minrows=\count116
\c@columnbadness=\count117
\c@finalcolumnbadness=\count118
\last@try=\dimen150
\multicolovershoot=\dimen151
\multicolundershoot=\dimen152
\mult@nat@firstbox=\box58
\colbreak@box=\box59
\mc@col@check@num=\count119
)
\c@idxcols=\count120
\indexcolsep=\skip49
\indexrule=\skip50
\ila@indentunit=\skip51
\ila@initsep=\skip52
)
\c@use case ID=\count121
\c@req ID=\count122

("C:\Program Files\MiKTeX 2.9\tex/latex/ragged2e\ragged2e.sty"
Package: ragged2e 2019/07/28 v2.2 ragged2e Package (MS)

("C:\Program Files\MiKTeX 2.9\tex/latex/ms\everysel.sty"
Package: everysel 2011/10/28 v1.2 EverySelectfont Package (MS)
)
\CenteringLeftskip=\skip53
\RaggedLeftLeftskip=\skip54
\RaggedRightLeftskip=\skip55
\CenteringRightskip=\skip56
\RaggedLeftRightskip=\skip57
\RaggedRightRightskip=\skip58
\CenteringParfillskip=\skip59
\RaggedLeftParfillskip=\skip60
\RaggedRightParfillskip=\skip61
\JustifyingParfillskip=\skip62
\CenteringParindent=\skip63
\RaggedLeftParindent=\skip64
\RaggedRightParindent=\skip65
\JustifyingParindent=\skip66
) ("Design Document.aux")
\openout1 = `"Design Document.aux"'.

LaTeX Font Info:    Checking defaults for OML/cmm/m/it on input line 74.
LaTeX Font Info:    ... okay on input line 74.
LaTeX Font Info:    Checking defaults for T1/cmr/m/n on input line 74.
LaTeX Font Info:    ... okay on input line 74.
LaTeX Font Info:    Checking defaults for OT1/cmr/m/n on input line 74.
LaTeX Font Info:    ... okay on input line 74.
LaTeX Font Info:    Checking defaults for OMS/cmsy/m/n on input line 74.
LaTeX Font Info:    ... okay on input line 74.
LaTeX Font Info:    Checking defaults for OMX/cmex/m/n on input line 74.
LaTeX Font Info:    ... okay on input line 74.
LaTeX Font Info:    Checking defaults for U/cmr/m/n on input line 74.
LaTeX Font Info:    ... okay on input line 74.
LaTeX Font Info:    Checking defaults for PD1/pdf/m/n on input line 74.
LaTeX Font Info:    ... okay on input line 74.
 ("C:\Program Files\MiKTeX 2.9\tex/context/base/mkii\supp-pdf.mkii"
[Loading MPS to PDF converter (version 2006.09.02).]
\scratchcounter=\count123
\scratchdimen=\dimen153
\scratchbox=\box60
\nofMPsegments=\count124
\nofMParguments=\count125
\everyMPshowfont=\toks23
\MPscratchCnt=\count126
\MPscratchDim=\dimen154
\MPnumerator=\count127
\makeMPintoPDFobject=\count128
\everyMPtoPDFconversion=\toks24
) ("C:\Program Files\MiKTeX 2.9\tex/latex/oberdiek\epstopdf-base.sty"
Package: epstopdf-base 2016/05/15 v2.6 Base part for package epstopdf

("C:\Program Files\MiKTeX 2.9\tex/latex/oberdiek\grfext.sty"
Package: grfext 2016/05/16 v1.2 Manage graphics extensions (HO)
)
Package epstopdf-base Info: Redefining graphics rule for `.eps' on input line 4
38.
Package grfext Info: Graphics extension search list:
(grfext)             [.pdf,.png,.jpg,.mps,.jpeg,.jbig2,.jb2,.PDF,.PNG,.JPG,.JPE
G,.JBIG2,.JB2,.eps]
(grfext)             \AppendGraphicsExtensions on input line 456.
)
\AtBeginShipoutBox=\box61
Package hyperref Info: Link coloring OFF on input line 74.

("C:\Program Files\MiKTeX 2.9\tex/latex/hyperref\nameref.sty"
Package: nameref 2019/09/16 v2.46 Cross-referencing by name of section

("C:\Program Files\MiKTeX 2.9\tex/latex/oberdiek\refcount.sty"
Package: refcount 2016/05/16 v3.5 Data extraction from label references (HO)
)
("C:\Program Files\MiKTeX 2.9\tex/generic/oberdiek\gettitlestring.sty"
Package: gettitlestring 2016/05/16 v1.5 Cleanup title references (HO)
)
\c@section@level=\count129
)
LaTeX Info: Redefining \ref on input line 74.
LaTeX Info: Redefining \pageref on input line 74.
LaTeX Info: Redefining \nameref on input line 74.

("Design Document.out") ("Design Document.out")
\@outlinefile=\write4
\openout4 = `"Design Document.out"'.


ABD: EverySelectfont initializing macros
LaTeX Info: Redefining \selectfont on input line 74.
LaTeX Font Info:    External font `cmex10' loaded for size
(Font)              <10.95> on input line 89.
LaTeX Font Info:    External font `cmex10' loaded for size
(Font)              <8> on input line 89.
LaTeX Font Info:    External font `cmex10' loaded for size
(Font)              <6> on input line 89.
 ("Design Document.toc" [1

{C:/Users/trevt/AppData/Local/MiKTeX/2.9/pdftex/config/pdftex.map}pdfTeX warnin
g (ext4): destination with the same identifier (name{table.1}) has been already
 used, duplicate ignored

\AtBegShi@Output ...ipout \box \AtBeginShipoutBox 
                                                  \fi \fi 
l.6 ...ine {1.5}Site Browsing}{19}{subsection.1.5}
                                                  %pdfTeX warning (ext4): desti
nation with the same identifier (name{table.2}) has been already used, duplicat
e ignored

\AtBegShi@Output ...ipout \box \AtBeginShipoutBox 
                                                  \fi \fi 
l.6 ...ine {1.5}Site Browsing}{19}{subsection.1.5}
                                                  %])
\tf@toc=\write5
\openout5 = `"Design Document.toc"'.

 ("Design Document.lof"
[2])
\tf@lof=\write6
\openout6 = `"Design Document.lof"'.

 [3] ("Design Document.lot")
\tf@lot=\write7
\openout7 = `"Design Document.lot"'.

 [4

]
<Diagrams/Use_Case/ucdselling.png, id=204, 419.5675pt x 489.83pt>
File: Diagrams/Use_Case/ucdselling.png Graphic file (type png)
<use Diagrams/Use_Case/ucdselling.png>
Package pdftex.def Info: Diagrams/Use_Case/ucdselling.png  used on input line 1
52.
(pdftex.def)             Requested size: 241.84842pt x 282.34515pt.

Underfull \hbox (badness 2644) in paragraph at lines 162--162
[]|\OT1/cmr/m/n/10.95 Product photo, []prod-uct de-scrip-tion, price, stock cou
nt,product
 []

[5

pdfTeX warning (ext4): destination with the same identifier (name{figure.1}) ha
s been already used, duplicate ignored

\AtBegShi@Output ...ipout \box \AtBeginShipoutBox 
                                                  \fi \fi 
l.234 \clearpage
                 <./Diagrams/Use_Case/ucdselling.png>] [6pdfTeX warning (ext4):
 destination with the same identifier (name{table.3}) has been already used, du
plicate ignored

\AtBegShi@Output ...ipout \box \AtBeginShipoutBox 
                                                  \fi \fi 
l.234 \clearpage
                ] [7pdfTeX warning (ext4): destination with the same identifier
 (name{table.4}) has been already used, duplicate ignored

\AtBegShi@Output ...ipout \box \AtBeginShipoutBox 
                                                  \fi \fi 
l.234 \clearpage
                ] [8pdfTeX warning (ext4): destination with the same identifier
 (name{table.5}) has been already used, duplicate ignored

\AtBegShi@Output ...ipout \box \AtBeginShipoutBox 
                                                  \fi \fi 
l.234 \clearpage
                ]
<Diagrams/Use_Case/ucd2.png, id=248, 378.41376pt x 421.575pt>
File: Diagrams/Use_Case/ucd2.png Graphic file (type png)
<use Diagrams/Use_Case/ucd2.png>
Package pdftex.def Info: Diagrams/Use_Case/ucd2.png  used on input line 242.
(pdftex.def)             Requested size: 241.84842pt x 269.43398pt.

Underfull \hbox (badness 10000) in paragraph at lines 255--255
[]\OT1/cmr/m/n/10.95 Pre-
 []

[9

pdfTeX warning (ext4): destination with the same identifier (name{figure.2}) ha
s been already used, duplicate ignored

\AtBegShi@Output ...ipout \box \AtBeginShipoutBox 
                                                  \fi \fi 
l.312 \clearpage
                 <./Diagrams/Use_Case/ucd2.png>] [10pdfTeX warning (ext4): dest
ination with the same identifier (name{table.6}) has been already used, duplica
te ignored

\AtBegShi@Output ...ipout \box \AtBeginShipoutBox 
                                                  \fi \fi 
l.312 \clearpage
                ] [11pdfTeX warning (ext4): destination with the same identifie
r (name{table.7}) has been already used, duplicate ignored

\AtBegShi@Output ...ipout \box \AtBeginShipoutBox 
                                                  \fi \fi 
l.312 \clearpage
                ]
<Diagrams/Use_Case/ucd3.png, id=289, 400.49625pt x 415.5525pt>
File: Diagrams/Use_Case/ucd3.png Graphic file (type png)
<use Diagrams/Use_Case/ucd3.png>
Package pdftex.def Info: Diagrams/Use_Case/ucd3.png  used on input line 319.
(pdftex.def)             Requested size: 241.84842pt x 250.94398pt.

Underfull \hbox (badness 10000) in paragraph at lines 330--330
[]\OT1/cmr/m/n/10.95 Pre-
 []

[12

pdfTeX warning (ext4): destination with the same identifier (name{figure.3}) ha
s been already used, duplicate ignored

\AtBegShi@Output ...ipout \box \AtBeginShipoutBox 
                                                  \fi \fi 
l.427 \clearpage
                 <./Diagrams/Use_Case/ucd3.png>] [13pdfTeX warning (ext4): dest
ination with the same identifier (name{table.8}) has been already used, duplica
te ignored

\AtBegShi@Output ...ipout \box \AtBeginShipoutBox 
                                                  \fi \fi 
l.427 \clearpage
                ] [14pdfTeX warning (ext4): destination with the same identifie
r (name{table.9}) has been already used, duplicate ignored

\AtBegShi@Output ...ipout \box \AtBeginShipoutBox 
                                                  \fi \fi 
l.427 \clearpage
                ] [15pdfTeX warning (ext4): destination with the same identifie
r (name{table.10}) has been already used, duplicate ignored

\AtBegShi@Output ...ipout \box \AtBeginShipoutBox 
                                                  \fi \fi 
l.427 \clearpage
                ] [16pdfTeX warning (ext4): destination with the same identifie
r (name{table.11}) has been already used, duplicate ignored

\AtBegShi@Output ...ipout \box \AtBeginShipoutBox 
                                                  \fi \fi 
l.427 \clearpage
                ]
<Diagrams/Use_Case/ucdadmin.png, id=338, 355.3275pt x 497.86pt>
File: Diagrams/Use_Case/ucdadmin.png Graphic file (type png)
<use Diagrams/Use_Case/ucdadmin.png>
Package pdftex.def Info: Diagrams/Use_Case/ucdadmin.png  used on input line 436
.
(pdftex.def)             Requested size: 241.84842pt x 338.86697pt.
 [17

pdfTeX warning (ext4): destination with the same identifier (name{figure.4}) ha
s been already used, duplicate ignored

\AtBegShi@Output ...ipout \box \AtBeginShipoutBox 
                                                  \fi \fi 
l.441 \clearpage
                 <./Diagrams/Use_Case/ucdadmin.png>]
<Diagrams/Use_Case/ucd4.png, id=343, 585.18625pt x 644.4075pt>
File: Diagrams/Use_Case/ucd4.png Graphic file (type png)
<use Diagrams/Use_Case/ucd4.png>
Package pdftex.def Info: Diagrams/Use_Case/ucd4.png  used on input line 448.
(pdftex.def)             Requested size: 314.39998pt x 346.22462pt.
 [18

pdfTeX warning (ext4): destination with the same identifier (name{figure.5}) ha
s been already used, duplicate ignored

\AtBegShi@Output ...ipout \box \AtBeginShipoutBox 
                                                  \fi \fi 
l.454 \clearpage
                 <./Diagrams/Use_Case/ucd4.png>]
<Diagrams/ER/ER_Diagram_Typed.png, id=349, 1112.155pt x 1213.53375pt>
File: Diagrams/ER/ER_Diagram_Typed.png Graphic file (type png)
<use Diagrams/ER/ER_Diagram_Typed.png>
Package pdftex.def Info: Diagrams/ER/ER_Diagram_Typed.png  used on input line 4
58.
(pdftex.def)             Requested size: 435.32419pt x 475.01686pt.
<Diagrams/ER/ER_Diagram.png, id=350, 1013.7875pt x 735.74875pt>
File: Diagrams/ER/ER_Diagram.png Graphic file (type png)
<use Diagrams/ER/ER_Diagram.png>
Package pdftex.def Info: Diagrams/ER/ER_Diagram.png  used on input line 465.
(pdftex.def)             Requested size: 435.32419pt x 315.92795pt.
 [19

pdfTeX warning (ext4): destination with the same identifier (name{figure.6}) ha
s been already used, duplicate ignored

\AtBegShi@Output ...ipout \box \AtBeginShipoutBox 
                                                  \fi \fi 
l.476 
       <./Diagrams/ER/ER_Diagram_Typed.png>] [20pdfTeX warning (ext4): destinat
ion with the same identifier (name{figure.7}) has been already used, duplicate 
ignored

\AtBegShi@Output ...ipout \box \AtBeginShipoutBox 
                                                  \fi \fi 
l.482 
       <./Diagrams/ER/ER_Diagram.png>] [21] [22]
<Diagrams/Class/class_diagram.png, id=371, 614.295pt x 794.97pt>
File: Diagrams/Class/class_diagram.png Graphic file (type png)
<use Diagrams/Class/class_diagram.png>
Package pdftex.def Info: Diagrams/Class/class_diagram.png  used on input line 5
02.
(pdftex.def)             Requested size: 386.95894pt x 500.7731pt.
<Diagrams/Sequence/Filter_Listings.jpg, id=372, 1063.975pt x 643.40375pt>
File: Diagrams/Sequence/Filter_Listings.jpg Graphic file (type jpg)
<use Diagrams/Sequence/Filter_Listings.jpg>
Package pdftex.def Info: Diagrams/Sequence/Filter_Listings.jpg  used on input l
ine 512.
(pdftex.def)             Requested size: 290.2156pt x 119.234pt.
 [23

pdfTeX warning (ext4): destination with the same identifier (name{figure.8}) ha
s been already used, duplicate ignored

\AtBegShi@Output ...ipout \box \AtBeginShipoutBox 
                                                  \fi \fi 
l.515 \end{figure}
                   <./Diagrams/Class/class_diagram.png>]
<Diagrams/Sequence/Lists_of_Listings.jpg, id=378, 1164.35pt x 583.17876pt>
File: Diagrams/Sequence/Lists_of_Listings.jpg Graphic file (type jpg)
<use Diagrams/Sequence/Lists_of_Listings.jpg>
Package pdftex.def Info: Diagrams/Sequence/Lists_of_Listings.jpg  used on input
 line 518.
(pdftex.def)             Requested size: 290.21622pt x 119.24097pt.
<Diagrams/Sequence/Sort_Listings.jpg, id=379, 1063.975pt x 643.40375pt>
File: Diagrams/Sequence/Sort_Listings.jpg Graphic file (type jpg)
<use Diagrams/Sequence/Sort_Listings.jpg>
Package pdftex.def Info: Diagrams/Sequence/Sort_Listings.jpg  used on input lin
e 524.
(pdftex.def)             Requested size: 290.2156pt x 119.234pt.
 [24pdfTeX warning (ext4): destination with the same identifier (name{figure.9}
) has been already used, duplicate ignored

\AtBegShi@Output ...ipout \box \AtBeginShipoutBox 
                                                  \fi \fi 
l.528 \clearpage
                pdfTeX warning (ext4): destination with the same identifier (na
me{figure.10}) has been already used, duplicate ignored

\AtBegShi@Output ...ipout \box \AtBeginShipoutBox 
                                                  \fi \fi 
l.528 \clearpage
                pdfTeX warning (ext4): destination with the same identifier (na
me{figure.11}) has been already used, duplicate ignored

\AtBegShi@Output ...ipout \box \AtBeginShipoutBox 
                                                  \fi \fi 
l.528 \clearpage
                 <./Diagrams/Sequence/Filter_Listings.jpg> <./Diagrams/Sequence
/Lists_of_Listings.jpg> <./Diagrams/Sequence/Sort_Listings.jpg>]
<Diagrams/Class/Architectural_diagram.png, id=387, 7649.57875pt x 7649.57875pt>

File: Diagrams/Class/Architectural_diagram.png Graphic file (type png)
<use Diagrams/Class/Architectural_diagram.png>
Package pdftex.def Info: Diagrams/Class/Architectural_diagram.png  used on inpu
t line 533.
(pdftex.def)             Requested size: 483.58348pt x 476.93028pt.
<Diagrams/External_Interfaces/Home_Page.png, id=388, 1565.85pt x 847.165pt>
File: Diagrams/External_Interfaces/Home_Page.png Graphic file (type png)
<use Diagrams/External_Interfaces/Home_Page.png>
Package pdftex.def Info: Diagrams/External_Interfaces/Home_Page.png  used on in
put line 542.
(pdftex.def)             Requested size: 483.6882pt x 317.9834pt.
 [25

pdfTeX warning (ext4): destination with the same identifier (name{figure.12}) h
as been already used, duplicate ignored

\AtBegShi@Output ...ipout \box \AtBeginShipoutBox 
                                                  \fi \fi 
l.545 \end{figure}
                   <./Diagrams/Class/Architectural_diagram.png>]
Underfull \hbox (badness 10000) in paragraph at lines 563--565

 []

[26pdfTeX warning (ext4): destination with the same identifier (name{figure.13}
) has been already used, duplicate ignored

\AtBegShi@Output ...ipout \box \AtBeginShipoutBox 
                                                  \fi \fi 
l.565     \item W
                 hat it used to be: <./Diagrams/External_Interfaces/Home_Page.p
ng>]
LaTeX Font Info:    Trying to load font information for OMS+cmr on input line 5
65.
 ("C:\Program Files\MiKTeX 2.9\tex/latex/base\omscmr.fd"
File: omscmr.fd 2014/09/29 v2.5h Standard LaTeX font definitions
)
LaTeX Font Info:    Font shape `OMS/cmr/m/n' in size <10.95> not available
(Font)              Font shape `OMS/cmsy/m/n' tried instead on input line 565.

Underfull \hbox (badness 10000) in paragraph at lines 576--578

 []


Underfull \hbox (badness 10000) in paragraph at lines 589--591

 []


Underfull \hbox (badness 10000) in paragraph at lines 600--602

 []


Underfull \hbox (badness 10000) in paragraph at lines 611--613

 []

[27]
Underfull \hbox (badness 10000) in paragraph at lines 622--624

 []

("Design Document.ind") [28]
Package atveryend Info: Empty hook `BeforeClearDocument' on input line 647.
 [29]
Package atveryend Info: Empty hook `AfterLastShipout' on input line 647.
 ("Design Document.aux")
Package atveryend Info: Executing hook `AtVeryEndDocument' on input line 647.
Package atveryend Info: Executing hook `AtEndAfterFileList' on input line 647.
Package rerunfilecheck Info: File `"Design Document".out' has not changed.
(rerunfilecheck)             Checksum: 32E26564AF2D051C50AAC773E74C6E22;1478.


LaTeX Warning: Label(s) may have changed. Rerun to get cross-references right.

Package atveryend Info: Empty hook `AtVeryVeryEnd' on input line 647.
 ) 
Here is how much of TeX's memory you used:
 7702 strings out of 492453
 118406 string characters out of 3129820
 228826 words of memory out of 3000000
 11713 multiletter control sequences out of 15000+200000
 8243 words of font info for 29 fonts, out of 3000000 for 9000
 1141 hyphenation exceptions out of 8191
 46i,13n,39p,1154b,413s stack positions out of 5000i,500n,10000p,200000b,50000s
<C:/Program Files/MiKTeX 2.9/fonts/type1/public/amsfonts/cm/cmbx10.pfb><C:/Pr
ogram Files/MiKTeX 2.9/fonts/type1/public/amsfonts/cm/cmbx12.pfb><C:/Program Fi
les/MiKTeX 2.9/fonts/type1/public/amsfonts/cm/cmr10.pfb><C:/Program Files/MiKTe
X 2.9/fonts/type1/public/amsfonts/cm/cmsy10.pfb><C:/Program Files/MiKTeX 2.9/fo
nts/type1/public/amsfonts/cm/cmti10.pfb>
Output written on "Design Document.pdf" (29 pages, 2222626 bytes).
PDF statistics:
 502 PDF objects out of 1000 (max. 8388607)
 162 named destinations out of 1000 (max. 500000)
 274 words of extra memory for PDF output out of 10000 (max. 10000000)

