\BOOKMARK [1][-]{section.1}{Document Purpose}{}% 1
\BOOKMARK [1][-]{section.2}{Project description}{}% 2
\BOOKMARK [2][-]{subsection.2.1}{System Context}{section.2}% 3
\BOOKMARK [2][-]{subsection.2.2}{Project Scope}{section.2}% 4
\BOOKMARK [2][-]{subsection.2.3}{Business Goals}{section.2}% 5
\BOOKMARK [2][-]{subsection.2.4}{Product Functions}{section.2}% 6
\BOOKMARK [2][-]{subsection.2.5}{Personas}{section.2}% 7
\BOOKMARK [3][-]{section*.4}{Admin}{subsection.2.5}% 8
\BOOKMARK [3][-]{section*.5}{Buyer}{subsection.2.5}% 9
\BOOKMARK [3][-]{section*.6}{Guest User}{subsection.2.5}% 10
\BOOKMARK [3][-]{section*.7}{Seller}{subsection.2.5}% 11
\BOOKMARK [3][-]{section*.8}{PayPal}{subsection.2.5}% 12
\BOOKMARK [2][-]{subsection.2.6}{Functional Requirements}{section.2}% 13
\BOOKMARK [2][-]{subsection.2.7}{Non-Functional Requirements}{section.2}% 14
\BOOKMARK [1][-]{section.3}{User-Stories}{}% 15
\BOOKMARK [1][-]{section.4}{Glossary of Domain Concepts}{}% 16
\BOOKMARK [1][-]{section.5}{Use Cases}{}% 17
\BOOKMARK [2][-]{subsection.5.1}{Selling}{section.5}% 18
\BOOKMARK [2][-]{subsection.5.2}{Buying}{section.5}% 19
\BOOKMARK [2][-]{subsection.5.3}{Login}{section.5}% 20
\BOOKMARK [1][-]{section.6}{Entity Relationship Diagram}{}% 21
\BOOKMARK [2][-]{subsection.6.1}{Description Of Each Entity}{section.6}% 22
\BOOKMARK [3][-]{section*.9}{Client}{subsection.6.1}% 23
\BOOKMARK [3][-]{section*.10}{Listings}{subsection.6.1}% 24
\BOOKMARK [3][-]{section*.11}{Address}{subsection.6.1}% 25
\BOOKMARK [3][-]{section*.12}{Order}{subsection.6.1}% 26
\BOOKMARK [3][-]{section*.13}{Review}{subsection.6.1}% 27
\BOOKMARK [3][-]{section*.14}{Order Details}{subsection.6.1}% 28
\BOOKMARK [3][-]{section*.15}{Category}{subsection.6.1}% 29
\BOOKMARK [3][-]{section*.16}{Cart}{subsection.6.1}% 30
\BOOKMARK [1][-]{section.7}{Class Diagram}{}% 31
\BOOKMARK [2][-]{subsection.7.1}{Description Of Class Diagram}{section.7}% 32
\BOOKMARK [1][-]{section.8}{Sequence Diagram}{}% 33
\BOOKMARK [2][-]{subsection.8.1}{Home Page}{section.8}% 34
\BOOKMARK [1][-]{section.9}{Conclusion}{}% 35
\BOOKMARK [1][-]{section.10}{Index}{}% 36
\BOOKMARK [1][-]{section.11}{Reference}{}% 37
