\BOOKMARK [1][-]{section.1}{Document Purpose}{}% 1
\BOOKMARK [1][-]{section.2}{Project description}{}% 2
\BOOKMARK [2][-]{subsection.2.1}{System Context}{section.2}% 3
\BOOKMARK [2][-]{subsection.2.2}{Project Scope}{section.2}% 4
\BOOKMARK [2][-]{subsection.2.3}{Business Goals}{section.2}% 5
\BOOKMARK [2][-]{subsection.2.4}{Product Functions}{section.2}% 6
\BOOKMARK [2][-]{subsection.2.5}{Personas}{section.2}% 7
\BOOKMARK [3][-]{section*.4}{Admin}{subsection.2.5}% 8
\BOOKMARK [3][-]{section*.5}{Buyer}{subsection.2.5}% 9
\BOOKMARK [3][-]{section*.6}{Guest User}{subsection.2.5}% 10
\BOOKMARK [3][-]{section*.7}{Seller}{subsection.2.5}% 11
\BOOKMARK [3][-]{section*.8}{PayPal}{subsection.2.5}% 12
\BOOKMARK [2][-]{subsection.2.6}{Functional Requirements}{section.2}% 13
\BOOKMARK [2][-]{subsection.2.7}{Non-Functional Requirements}{section.2}% 14
\BOOKMARK [1][-]{section.3}{User-Stories}{}% 15
\BOOKMARK [1][-]{section.4}{Glossary of Domain Concepts}{}% 16
\BOOKMARK [1][-]{section.5}{Use Cases}{}% 17
\BOOKMARK [2][-]{subsection.5.1}{Selling}{section.5}% 18
\BOOKMARK [2][-]{subsection.5.2}{Buying}{section.5}% 19
\BOOKMARK [2][-]{subsection.5.3}{Login}{section.5}% 20
\BOOKMARK [1][-]{section.6}{Conclusion}{}% 21
\BOOKMARK [1][-]{section.7}{Index}{}% 22
\BOOKMARK [1][-]{section.8}{Reference}{}% 23
